{"F:\\myproject\\backend\\src\\app.js": {"path":"F:\\myproject\\backend\\src\\app.js","statementMap":{"0":{"start":{"line":1,"column":16},"end":{"line":1,"column":34}},"1":{"start":{"line":2,"column":13},"end":{"line":2,"column":28}},"2":{"start":{"line":3,"column":25},"end":{"line":3,"column":61}},"3":{"start":{"line":4,"column":25},"end":{"line":4,"column":53}},"4":{"start":{"line":5,"column":22},"end":{"line":5,"column":50}},"5":{"start":{"line":7,"column":19},"end":{"line":7,"column":43}},"6":{"start":{"line":8,"column":19},"end":{"line":8,"column":44}},"7":{"start":{"line":9,"column":22},"end":{"line":9,"column":50}},"8":{"start":{"line":10,"column":21},"end":{"line":10,"column":48}},"9":{"start":{"line":11,"column":21},"end":{"line":11,"column":47}},"10":{"start":{"line":12,"column":20},"end":{"line":12,"column":45}},"11":{"start":{"line":13,"column":21},"end":{"line":13,"column":47}},"12":{"start":{"line":14,"column":24},"end":{"line":14,"column":53}},"13":{"start":{"line":16,"column":12},"end":{"line":16,"column":21}},"14":{"start":{"line":18,"column":0},"end":{"line":18,"column":16}},"15":{"start":{"line":19,"column":0},"end":{"line":19,"column":24}},"16":{"start":{"line":20,"column":0},"end":{"line":20,"column":48}},"17":{"start":{"line":22,"column":0},"end":{"line":24,"column":3}},"18":{"start":{"line":23,"column":2},"end":{"line":23,"column":66}},"19":{"start":{"line":26,"column":0},"end":{"line":26,"column":33}},"20":{"start":{"line":27,"column":0},"end":{"line":27,"column":34}},"21":{"start":{"line":28,"column":0},"end":{"line":28,"column":37}},"22":{"start":{"line":29,"column":0},"end":{"line":29,"column":54}},"23":{"start":{"line":30,"column":0},"end":{"line":30,"column":52}},"24":{"start":{"line":31,"column":0},"end":{"line":31,"column":87}},"25":{"start":{"line":32,"column":0},"end":{"line":32,"column":69}},"26":{"start":{"line":33,"column":0},"end":{"line":33,"column":57}},"27":{"start":{"line":35,"column":0},"end":{"line":37,"column":3}},"28":{"start":{"line":36,"column":2},"end":{"line":36,"column":55}},"29":{"start":{"line":39,"column":0},"end":{"line":39,"column":22}},"30":{"start":{"line":41,"column":0},"end":{"line":41,"column":21}}},"fnMap":{"0":{"name":"(anonymous_0)","decl":{"start":{"line":22,"column":23},"end":{"line":22,"column":24}},"loc":{"start":{"line":22,"column":37},"end":{"line":24,"column":1}},"line":22},"1":{"name":"(anonymous_1)","decl":{"start":{"line":35,"column":8},"end":{"line":35,"column":9}},"loc":{"start":{"line":35,"column":22},"end":{"line":37,"column":1}},"line":35}},"branchMap":{},"s":{"0":14,"1":14,"2":14,"3":14,"4":14,"5":14,"6":14,"7":14,"8":14,"9":14,"10":14,"11":14,"12":14,"13":14,"14":14,"15":14,"16":14,"17":14,"18":3,"19":14,"20":14,"21":14,"22":14,"23":14,"24":14,"25":14,"26":14,"27":14,"28":1,"29":14,"30":14},"f":{"0":3,"1":1},"b":{},"_coverageSchema":"1a1c01bbd47fc00a2c39e90264f33305004495a9","hash":"21b35c354b568cb9378863c147aa1b5c1aeea0a7"}
,"F:\\myproject\\backend\\src\\config\\database.js": {"path":"F:\\myproject\\backend\\src\\config\\database.js","statementMap":{"0":{"start":{"line":1,"column":0},"end":{"line":14,"column":2}}},"fnMap":{},"branchMap":{"0":{"loc":{"start":{"line":2,"column":12},"end":{"line":2,"column":50}},"type":"binary-expr","locations":[{"start":{"line":2,"column":12},"end":{"line":2,"column":31}},{"start":{"line":2,"column":35},"end":{"line":2,"column":50}}],"line":2},"1":{"loc":{"start":{"line":3,"column":12},"end":{"line":3,"column":41}},"type":"binary-expr","locations":[{"start":{"line":3,"column":12},"end":{"line":3,"column":31}},{"start":{"line":3,"column":35},"end":{"line":3,"column":41}}],"line":3},"2":{"loc":{"start":{"line":4,"column":12},"end":{"line":4,"column":37}},"type":"binary-expr","locations":[{"start":{"line":4,"column":12},"end":{"line":4,"column":31}},{"start":{"line":4,"column":35},"end":{"line":4,"column":37}}],"line":4},"3":{"loc":{"start":{"line":5,"column":8},"end":{"line":5,"column":42}},"type":"binary-expr","locations":[{"start":{"line":5,"column":8},"end":{"line":5,"column":27}},{"start":{"line":5,"column":31},"end":{"line":5,"column":42}}],"line":5},"4":{"loc":{"start":{"line":7,"column":11},"end":{"line":7,"column":66}},"type":"cond-expr","locations":[{"start":{"line":7,"column":47},"end":{"line":7,"column":58}},{"start":{"line":7,"column":61},"end":{"line":7,"column":66}}],"line":7}},"s":{"0":35},"f":{},"b":{"0":[35,35],"1":[35,35],"2":[35,35],"3":[35,35],"4":[0,35]},"_coverageSchema":"1a1c01bbd47fc00a2c39e90264f33305004495a9","hash":"69776374f63ac1e0c550eda3c77a3f868a9f2f3b"}
,"F:\\myproject\\backend\\src\\controllers\\adminController.js": {"path":"F:\\myproject\\backend\\src\\controllers\\adminController.js","statementMap":{"0":{"start":{"line":1,"column":21},"end":{"line":1,"column":56}},"1":{"start":{"line":4,"column":2},"end":{"line":9,"column":3}},"2":{"start":{"line":5,"column":18},"end":{"line":5,"column":47}},"3":{"start":{"line":6,"column":4},"end":{"line":6,"column":20}},"4":{"start":{"line":8,"column":4},"end":{"line":8,"column":14}},"5":{"start":{"line":13,"column":2},"end":{"line":19,"column":3}},"6":{"start":{"line":14,"column":17},"end":{"line":14,"column":80}},"7":{"start":{"line":15,"column":4},"end":{"line":15,"column":19}},"8":{"start":{"line":17,"column":4},"end":{"line":17,"column":82}},"9":{"start":{"line":17,"column":28},"end":{"line":17,"column":82}},"10":{"start":{"line":18,"column":4},"end":{"line":18,"column":14}},"11":{"start":{"line":23,"column":2},"end":{"line":28,"column":3}},"12":{"start":{"line":24,"column":19},"end":{"line":24,"column":73}},"13":{"start":{"line":25,"column":4},"end":{"line":25,"column":33}},"14":{"start":{"line":27,"column":4},"end":{"line":27,"column":14}},"15":{"start":{"line":32,"column":2},"end":{"line":38,"column":3}},"16":{"start":{"line":33,"column":19},"end":{"line":33,"column":88}},"17":{"start":{"line":34,"column":4},"end":{"line":34,"column":21}},"18":{"start":{"line":36,"column":4},"end":{"line":36,"column":82}},"19":{"start":{"line":36,"column":28},"end":{"line":36,"column":82}},"20":{"start":{"line":37,"column":4},"end":{"line":37,"column":14}},"21":{"start":{"line":42,"column":2},"end":{"line":48,"column":3}},"22":{"start":{"line":43,"column":19},"end":{"line":43,"column":82}},"23":{"start":{"line":44,"column":4},"end":{"line":44,"column":21}},"24":{"start":{"line":46,"column":4},"end":{"line":46,"column":82}},"25":{"start":{"line":46,"column":28},"end":{"line":46,"column":82}},"26":{"start":{"line":47,"column":4},"end":{"line":47,"column":14}},"27":{"start":{"line":52,"column":2},"end":{"line":57,"column":3}},"28":{"start":{"line":53,"column":21},"end":{"line":53,"column":56}},"29":{"start":{"line":54,"column":4},"end":{"line":54,"column":23}},"30":{"start":{"line":56,"column":4},"end":{"line":56,"column":14}},"31":{"start":{"line":61,"column":2},"end":{"line":67,"column":3}},"32":{"start":{"line":62,"column":20},"end":{"line":62,"column":102}},"33":{"start":{"line":63,"column":4},"end":{"line":63,"column":22}},"34":{"start":{"line":65,"column":4},"end":{"line":65,"column":82}},"35":{"start":{"line":65,"column":28},"end":{"line":65,"column":82}},"36":{"start":{"line":66,"column":4},"end":{"line":66,"column":14}},"37":{"start":{"line":70,"column":0},"end":{"line":78,"column":2}}},"fnMap":{"0":{"name":"getUsers","decl":{"start":{"line":3,"column":15},"end":{"line":3,"column":23}},"loc":{"start":{"line":3,"column":40},"end":{"line":10,"column":1}},"line":3},"1":{"name":"toggleUserStatus","decl":{"start":{"line":12,"column":15},"end":{"line":12,"column":31}},"loc":{"start":{"line":12,"column":48},"end":{"line":20,"column":1}},"line":12},"2":{"name":"createAgency","decl":{"start":{"line":22,"column":15},"end":{"line":22,"column":27}},"loc":{"start":{"line":22,"column":44},"end":{"line":29,"column":1}},"line":22},"3":{"name":"updateAgency","decl":{"start":{"line":31,"column":15},"end":{"line":31,"column":27}},"loc":{"start":{"line":31,"column":44},"end":{"line":39,"column":1}},"line":31},"4":{"name":"deactivateAgency","decl":{"start":{"line":41,"column":15},"end":{"line":41,"column":31}},"loc":{"start":{"line":41,"column":48},"end":{"line":49,"column":1}},"line":41},"5":{"name":"getAllBookings","decl":{"start":{"line":51,"column":15},"end":{"line":51,"column":29}},"loc":{"start":{"line":51,"column":46},"end":{"line":58,"column":1}},"line":51},"6":{"name":"cancelBooking","decl":{"start":{"line":60,"column":15},"end":{"line":60,"column":28}},"loc":{"start":{"line":60,"column":45},"end":{"line":68,"column":1}},"line":60}},"branchMap":{"0":{"loc":{"start":{"line":17,"column":4},"end":{"line":17,"column":82}},"type":"if","locations":[{"start":{"line":17,"column":4},"end":{"line":17,"column":82}},{"start":{},"end":{}}],"line":17},"1":{"loc":{"start":{"line":36,"column":4},"end":{"line":36,"column":82}},"type":"if","locations":[{"start":{"line":36,"column":4},"end":{"line":36,"column":82}},{"start":{},"end":{}}],"line":36},"2":{"loc":{"start":{"line":46,"column":4},"end":{"line":46,"column":82}},"type":"if","locations":[{"start":{"line":46,"column":4},"end":{"line":46,"column":82}},{"start":{},"end":{}}],"line":46},"3":{"loc":{"start":{"line":65,"column":4},"end":{"line":65,"column":82}},"type":"if","locations":[{"start":{"line":65,"column":4},"end":{"line":65,"column":82}},{"start":{},"end":{}}],"line":65}},"s":{"0":14,"1":3,"2":3,"3":3,"4":0,"5":2,"6":2,"7":2,"8":0,"9":0,"10":0,"11":2,"12":2,"13":2,"14":0,"15":0,"16":0,"17":0,"18":0,"19":0,"20":0,"21":2,"22":2,"23":2,"24":0,"25":0,"26":0,"27":2,"28":2,"29":2,"30":0,"31":1,"32":1,"33":1,"34":0,"35":0,"36":0,"37":14},"f":{"0":3,"1":2,"2":2,"3":0,"4":2,"5":2,"6":1},"b":{"0":[0,0],"1":[0,0],"2":[0,0],"3":[0,0]},"_coverageSchema":"1a1c01bbd47fc00a2c39e90264f33305004495a9","hash":"e74dc107a81105a7eac2562ba74fae13a902ebfc"}
,"F:\\myproject\\backend\\src\\controllers\\agencyController.js": {"path":"F:\\myproject\\backend\\src\\controllers\\agencyController.js","statementMap":{"0":{"start":{"line":1,"column":22},"end":{"line":1,"column":58}},"1":{"start":{"line":4,"column":2},"end":{"line":12,"column":3}},"2":{"start":{"line":5,"column":19},"end":{"line":5,"column":80}},"3":{"start":{"line":6,"column":4},"end":{"line":6,"column":33}},"4":{"start":{"line":8,"column":4},"end":{"line":10,"column":5}},"5":{"start":{"line":9,"column":6},"end":{"line":9,"column":67}},"6":{"start":{"line":11,"column":4},"end":{"line":11,"column":14}},"7":{"start":{"line":16,"column":2},"end":{"line":24,"column":3}},"8":{"start":{"line":17,"column":19},"end":{"line":17,"column":79}},"9":{"start":{"line":18,"column":4},"end":{"line":18,"column":21}},"10":{"start":{"line":20,"column":4},"end":{"line":22,"column":5}},"11":{"start":{"line":21,"column":6},"end":{"line":21,"column":67}},"12":{"start":{"line":23,"column":4},"end":{"line":23,"column":14}},"13":{"start":{"line":28,"column":2},"end":{"line":36,"column":3}},"14":{"start":{"line":29,"column":17},"end":{"line":29,"column":46}},"15":{"start":{"line":30,"column":18},"end":{"line":30,"column":49}},"16":{"start":{"line":31,"column":19},"end":{"line":31,"column":75}},"17":{"start":{"line":32,"column":4},"end":{"line":32,"column":21}},"18":{"start":{"line":34,"column":4},"end":{"line":34,"column":82}},"19":{"start":{"line":34,"column":28},"end":{"line":34,"column":82}},"20":{"start":{"line":35,"column":4},"end":{"line":35,"column":14}},"21":{"start":{"line":40,"column":2},"end":{"line":45,"column":3}},"22":{"start":{"line":41,"column":19},"end":{"line":41,"column":74}},"23":{"start":{"line":42,"column":4},"end":{"line":42,"column":21}},"24":{"start":{"line":44,"column":4},"end":{"line":44,"column":14}},"25":{"start":{"line":48,"column":0},"end":{"line":48,"column":70}}},"fnMap":{"0":{"name":"addDriver","decl":{"start":{"line":3,"column":15},"end":{"line":3,"column":24}},"loc":{"start":{"line":3,"column":41},"end":{"line":13,"column":1}},"line":3},"1":{"name":"removeDriver","decl":{"start":{"line":15,"column":15},"end":{"line":15,"column":27}},"loc":{"start":{"line":15,"column":44},"end":{"line":25,"column":1}},"line":15},"2":{"name":"getDrivers","decl":{"start":{"line":27,"column":15},"end":{"line":27,"column":25}},"loc":{"start":{"line":27,"column":42},"end":{"line":37,"column":1}},"line":27},"3":{"name":"getBookings","decl":{"start":{"line":39,"column":15},"end":{"line":39,"column":26}},"loc":{"start":{"line":39,"column":43},"end":{"line":46,"column":1}},"line":39}},"branchMap":{"0":{"loc":{"start":{"line":8,"column":4},"end":{"line":10,"column":5}},"type":"if","locations":[{"start":{"line":8,"column":4},"end":{"line":10,"column":5}},{"start":{},"end":{}}],"line":8},"1":{"loc":{"start":{"line":8,"column":8},"end":{"line":8,"column":48}},"type":"binary-expr","locations":[{"start":{"line":8,"column":8},"end":{"line":8,"column":26}},{"start":{"line":8,"column":30},"end":{"line":8,"column":48}}],"line":8},"2":{"loc":{"start":{"line":20,"column":4},"end":{"line":22,"column":5}},"type":"if","locations":[{"start":{"line":20,"column":4},"end":{"line":22,"column":5}},{"start":{},"end":{}}],"line":20},"3":{"loc":{"start":{"line":20,"column":8},"end":{"line":20,"column":48}},"type":"binary-expr","locations":[{"start":{"line":20,"column":8},"end":{"line":20,"column":26}},{"start":{"line":20,"column":30},"end":{"line":20,"column":48}}],"line":20},"4":{"loc":{"start":{"line":29,"column":17},"end":{"line":29,"column":46}},"type":"binary-expr","locations":[{"start":{"line":29,"column":17},"end":{"line":29,"column":41}},{"start":{"line":29,"column":45},"end":{"line":29,"column":46}}],"line":29},"5":{"loc":{"start":{"line":30,"column":18},"end":{"line":30,"column":49}},"type":"binary-expr","locations":[{"start":{"line":30,"column":18},"end":{"line":30,"column":43}},{"start":{"line":30,"column":47},"end":{"line":30,"column":49}}],"line":30},"6":{"loc":{"start":{"line":34,"column":4},"end":{"line":34,"column":82}},"type":"if","locations":[{"start":{"line":34,"column":4},"end":{"line":34,"column":82}},{"start":{},"end":{}}],"line":34}},"s":{"0":14,"1":2,"2":2,"3":2,"4":0,"5":0,"6":0,"7":2,"8":2,"9":2,"10":0,"11":0,"12":0,"13":1,"14":1,"15":1,"16":1,"17":1,"18":0,"19":0,"20":0,"21":3,"22":3,"23":3,"24":0,"25":14},"f":{"0":2,"1":2,"2":1,"3":3},"b":{"0":[0,0],"1":[0,0],"2":[0,0],"3":[0,0],"4":[1,1],"5":[1,1],"6":[0,0]},"_coverageSchema":"1a1c01bbd47fc00a2c39e90264f33305004495a9","hash":"5d36df400ed03609e7b38c0596c5234ccc70b47c"}
,"F:\\myproject\\backend\\src\\controllers\\authController.js": {"path":"F:\\myproject\\backend\\src\\controllers\\authController.js","statementMap":{"0":{"start":{"line":1,"column":20},"end":{"line":1,"column":54}},"1":{"start":{"line":2,"column":44},"end":{"line":2,"column":84}},"2":{"start":{"line":5,"column":2},"end":{"line":20,"column":3}},"3":{"start":{"line":6,"column":23},"end":{"line":6,"column":49}},"4":{"start":{"line":7,"column":4},"end":{"line":12,"column":5}},"5":{"start":{"line":8,"column":6},"end":{"line":11,"column":9}},"6":{"start":{"line":10,"column":50},"end":{"line":10,"column":59}},"7":{"start":{"line":13,"column":17},"end":{"line":13,"column":53}},"8":{"start":{"line":14,"column":4},"end":{"line":14,"column":31}},"9":{"start":{"line":16,"column":4},"end":{"line":18,"column":5}},"10":{"start":{"line":17,"column":6},"end":{"line":17,"column":60}},"11":{"start":{"line":19,"column":4},"end":{"line":19,"column":14}},"12":{"start":{"line":24,"column":2},"end":{"line":39,"column":3}},"13":{"start":{"line":25,"column":23},"end":{"line":25,"column":46}},"14":{"start":{"line":26,"column":4},"end":{"line":31,"column":5}},"15":{"start":{"line":27,"column":6},"end":{"line":30,"column":9}},"16":{"start":{"line":29,"column":50},"end":{"line":29,"column":59}},"17":{"start":{"line":32,"column":19},"end":{"line":32,"column":77}},"18":{"start":{"line":33,"column":4},"end":{"line":33,"column":33}},"19":{"start":{"line":35,"column":4},"end":{"line":37,"column":5}},"20":{"start":{"line":36,"column":6},"end":{"line":36,"column":67}},"21":{"start":{"line":38,"column":4},"end":{"line":38,"column":14}},"22":{"start":{"line":42,"column":0},"end":{"line":42,"column":37}}},"fnMap":{"0":{"name":"register","decl":{"start":{"line":4,"column":15},"end":{"line":4,"column":23}},"loc":{"start":{"line":4,"column":40},"end":{"line":21,"column":1}},"line":4},"1":{"name":"(anonymous_1)","decl":{"start":{"line":10,"column":45},"end":{"line":10,"column":46}},"loc":{"start":{"line":10,"column":50},"end":{"line":10,"column":59}},"line":10},"2":{"name":"login","decl":{"start":{"line":23,"column":15},"end":{"line":23,"column":20}},"loc":{"start":{"line":23,"column":37},"end":{"line":40,"column":1}},"line":23},"3":{"name":"(anonymous_3)","decl":{"start":{"line":29,"column":45},"end":{"line":29,"column":46}},"loc":{"start":{"line":29,"column":50},"end":{"line":29,"column":59}},"line":29}},"branchMap":{"0":{"loc":{"start":{"line":7,"column":4},"end":{"line":12,"column":5}},"type":"if","locations":[{"start":{"line":7,"column":4},"end":{"line":12,"column":5}},{"start":{},"end":{}}],"line":7},"1":{"loc":{"start":{"line":16,"column":4},"end":{"line":18,"column":5}},"type":"if","locations":[{"start":{"line":16,"column":4},"end":{"line":18,"column":5}},{"start":{},"end":{}}],"line":16},"2":{"loc":{"start":{"line":26,"column":4},"end":{"line":31,"column":5}},"type":"if","locations":[{"start":{"line":26,"column":4},"end":{"line":31,"column":5}},{"start":{},"end":{}}],"line":26},"3":{"loc":{"start":{"line":35,"column":4},"end":{"line":37,"column":5}},"type":"if","locations":[{"start":{"line":35,"column":4},"end":{"line":37,"column":5}},{"start":{},"end":{}}],"line":35},"4":{"loc":{"start":{"line":35,"column":8},"end":{"line":35,"column":70}},"type":"binary-expr","locations":[{"start":{"line":35,"column":8},"end":{"line":35,"column":26}},{"start":{"line":35,"column":30},"end":{"line":35,"column":48}},{"start":{"line":35,"column":52},"end":{"line":35,"column":70}}],"line":35}},"s":{"0":14,"1":14,"2":5,"3":5,"4":5,"5":1,"6":1,"7":4,"8":3,"9":1,"10":1,"11":0,"12":7,"13":7,"14":7,"15":1,"16":2,"17":6,"18":2,"19":4,"20":4,"21":0,"22":14},"f":{"0":5,"1":1,"2":7,"3":2},"b":{"0":[1,4],"1":[1,0],"2":[1,6],"3":[4,0],"4":[4,2,1]},"_coverageSchema":"1a1c01bbd47fc00a2c39e90264f33305004495a9","hash":"3649d7e4d7048e77265e788a07f4ff2b13be8fd5"}
,"F:\\myproject\\backend\\src\\controllers\\bookingController.js": {"path":"F:\\myproject\\backend\\src\\controllers\\bookingController.js","statementMap":{"0":{"start":{"line":1,"column":23},"end":{"line":1,"column":60}},"1":{"start":{"line":2,"column":34},"end":{"line":2,"column":77}},"2":{"start":{"line":5,"column":2},"end":{"line":20,"column":3}},"3":{"start":{"line":6,"column":23},"end":{"line":6,"column":54}},"4":{"start":{"line":7,"column":4},"end":{"line":12,"column":5}},"5":{"start":{"line":8,"column":6},"end":{"line":11,"column":9}},"6":{"start":{"line":10,"column":50},"end":{"line":10,"column":59}},"7":{"start":{"line":13,"column":20},"end":{"line":13,"column":77}},"8":{"start":{"line":14,"column":4},"end":{"line":14,"column":34}},"9":{"start":{"line":16,"column":4},"end":{"line":18,"column":5}},"10":{"start":{"line":17,"column":6},"end":{"line":17,"column":67}},"11":{"start":{"line":19,"column":4},"end":{"line":19,"column":14}},"12":{"start":{"line":24,"column":2},"end":{"line":31,"column":3}},"13":{"start":{"line":25,"column":17},"end":{"line":25,"column":46}},"14":{"start":{"line":26,"column":18},"end":{"line":26,"column":49}},"15":{"start":{"line":27,"column":19},"end":{"line":27,"column":81}},"16":{"start":{"line":28,"column":4},"end":{"line":28,"column":21}},"17":{"start":{"line":30,"column":4},"end":{"line":30,"column":14}},"18":{"start":{"line":35,"column":2},"end":{"line":43,"column":3}},"19":{"start":{"line":36,"column":20},"end":{"line":36,"column":83}},"20":{"start":{"line":37,"column":4},"end":{"line":37,"column":22}},"21":{"start":{"line":39,"column":4},"end":{"line":41,"column":5}},"22":{"start":{"line":40,"column":6},"end":{"line":40,"column":60}},"23":{"start":{"line":42,"column":4},"end":{"line":42,"column":14}},"24":{"start":{"line":47,"column":2},"end":{"line":55,"column":3}},"25":{"start":{"line":48,"column":20},"end":{"line":48,"column":82}},"26":{"start":{"line":49,"column":4},"end":{"line":49,"column":22}},"27":{"start":{"line":51,"column":4},"end":{"line":53,"column":5}},"28":{"start":{"line":52,"column":6},"end":{"line":52,"column":67}},"29":{"start":{"line":54,"column":4},"end":{"line":54,"column":14}},"30":{"start":{"line":59,"column":2},"end":{"line":67,"column":3}},"31":{"start":{"line":60,"column":19},"end":{"line":60,"column":71}},"32":{"start":{"line":61,"column":4},"end":{"line":61,"column":21}},"33":{"start":{"line":63,"column":4},"end":{"line":65,"column":5}},"34":{"start":{"line":64,"column":6},"end":{"line":64,"column":60}},"35":{"start":{"line":66,"column":4},"end":{"line":66,"column":14}},"36":{"start":{"line":71,"column":2},"end":{"line":76,"column":3}},"37":{"start":{"line":72,"column":20},"end":{"line":72,"column":72}},"38":{"start":{"line":73,"column":4},"end":{"line":73,"column":22}},"39":{"start":{"line":75,"column":4},"end":{"line":75,"column":14}},"40":{"start":{"line":79,"column":0},"end":{"line":79,"column":80}}},"fnMap":{"0":{"name":"create","decl":{"start":{"line":4,"column":15},"end":{"line":4,"column":21}},"loc":{"start":{"line":4,"column":38},"end":{"line":21,"column":1}},"line":4},"1":{"name":"(anonymous_1)","decl":{"start":{"line":10,"column":45},"end":{"line":10,"column":46}},"loc":{"start":{"line":10,"column":50},"end":{"line":10,"column":59}},"line":10},"2":{"name":"list","decl":{"start":{"line":23,"column":15},"end":{"line":23,"column":19}},"loc":{"start":{"line":23,"column":36},"end":{"line":32,"column":1}},"line":23},"3":{"name":"getById","decl":{"start":{"line":34,"column":15},"end":{"line":34,"column":22}},"loc":{"start":{"line":34,"column":39},"end":{"line":44,"column":1}},"line":34},"4":{"name":"cancel","decl":{"start":{"line":46,"column":15},"end":{"line":46,"column":21}},"loc":{"start":{"line":46,"column":38},"end":{"line":56,"column":1}},"line":46},"5":{"name":"getStatus","decl":{"start":{"line":58,"column":15},"end":{"line":58,"column":24}},"loc":{"start":{"line":58,"column":41},"end":{"line":68,"column":1}},"line":58},"6":{"name":"getStatusHistory","decl":{"start":{"line":70,"column":15},"end":{"line":70,"column":31}},"loc":{"start":{"line":70,"column":48},"end":{"line":77,"column":1}},"line":70}},"branchMap":{"0":{"loc":{"start":{"line":7,"column":4},"end":{"line":12,"column":5}},"type":"if","locations":[{"start":{"line":7,"column":4},"end":{"line":12,"column":5}},{"start":{},"end":{}}],"line":7},"1":{"loc":{"start":{"line":16,"column":4},"end":{"line":18,"column":5}},"type":"if","locations":[{"start":{"line":16,"column":4},"end":{"line":18,"column":5}},{"start":{},"end":{}}],"line":16},"2":{"loc":{"start":{"line":16,"column":8},"end":{"line":16,"column":70}},"type":"binary-expr","locations":[{"start":{"line":16,"column":8},"end":{"line":16,"column":26}},{"start":{"line":16,"column":30},"end":{"line":16,"column":48}},{"start":{"line":16,"column":52},"end":{"line":16,"column":70}}],"line":16},"3":{"loc":{"start":{"line":25,"column":17},"end":{"line":25,"column":46}},"type":"binary-expr","locations":[{"start":{"line":25,"column":17},"end":{"line":25,"column":41}},{"start":{"line":25,"column":45},"end":{"line":25,"column":46}}],"line":25},"4":{"loc":{"start":{"line":26,"column":18},"end":{"line":26,"column":49}},"type":"binary-expr","locations":[{"start":{"line":26,"column":18},"end":{"line":26,"column":43}},{"start":{"line":26,"column":47},"end":{"line":26,"column":49}}],"line":26},"5":{"loc":{"start":{"line":39,"column":4},"end":{"line":41,"column":5}},"type":"if","locations":[{"start":{"line":39,"column":4},"end":{"line":41,"column":5}},{"start":{},"end":{}}],"line":39},"6":{"loc":{"start":{"line":51,"column":4},"end":{"line":53,"column":5}},"type":"if","locations":[{"start":{"line":51,"column":4},"end":{"line":53,"column":5}},{"start":{},"end":{}}],"line":51},"7":{"loc":{"start":{"line":51,"column":8},"end":{"line":51,"column":48}},"type":"binary-expr","locations":[{"start":{"line":51,"column":8},"end":{"line":51,"column":26}},{"start":{"line":51,"column":30},"end":{"line":51,"column":48}}],"line":51},"8":{"loc":{"start":{"line":63,"column":4},"end":{"line":65,"column":5}},"type":"if","locations":[{"start":{"line":63,"column":4},"end":{"line":65,"column":5}},{"start":{},"end":{}}],"line":63}},"s":{"0":14,"1":14,"2":8,"3":8,"4":8,"5":1,"6":1,"7":7,"8":4,"9":3,"10":3,"11":0,"12":4,"13":4,"14":4,"15":4,"16":4,"17":0,"18":0,"19":0,"20":0,"21":0,"22":0,"23":0,"24":2,"25":2,"26":2,"27":0,"28":0,"29":0,"30":0,"31":0,"32":0,"33":0,"34":0,"35":0,"36":0,"37":0,"38":0,"39":0,"40":14},"f":{"0":8,"1":1,"2":4,"3":0,"4":2,"5":0,"6":0},"b":{"0":[1,7],"1":[3,0],"2":[3,1,1],"3":[4,4],"4":[4,4],"5":[0,0],"6":[0,0],"7":[0,0],"8":[0,0]},"_coverageSchema":"1a1c01bbd47fc00a2c39e90264f33305004495a9","hash":"ae47fed54d8ce50875d839521dfca6255423fe86"}
,"F:\\myproject\\backend\\src\\controllers\\dashboardController.js": {"path":"F:\\myproject\\backend\\src\\controllers\\dashboardController.js","statementMap":{"0":{"start":{"line":1,"column":53},"end":{"line":1,"column":73}},"1":{"start":{"line":2,"column":15},"end":{"line":2,"column":24}},"2":{"start":{"line":5,"column":2},"end":{"line":21,"column":3}},"3":{"start":{"line":6,"column":19},"end":{"line":6,"column":30}},"4":{"start":{"line":7,"column":27},"end":{"line":9,"column":6}},"5":{"start":{"line":10,"column":26},"end":{"line":10,"column":68}},"6":{"start":{"line":11,"column":18},"end":{"line":11,"column":28}},"7":{"start":{"line":12,"column":21},"end":{"line":12,"column":36}},"8":{"start":{"line":13,"column":4},"end":{"line":13,"column":45}},"9":{"start":{"line":14,"column":26},"end":{"line":17,"column":6}},"10":{"start":{"line":18,"column":4},"end":{"line":18,"column":63}},"11":{"start":{"line":20,"column":4},"end":{"line":20,"column":14}},"12":{"start":{"line":25,"column":2},"end":{"line":42,"column":3}},"13":{"start":{"line":26,"column":19},"end":{"line":26,"column":75}},"14":{"start":{"line":27,"column":4},"end":{"line":29,"column":5}},"15":{"start":{"line":28,"column":6},"end":{"line":28,"column":75}},"16":{"start":{"line":30,"column":28},"end":{"line":32,"column":6}},"17":{"start":{"line":33,"column":24},"end":{"line":35,"column":6}},"18":{"start":{"line":36,"column":23},"end":{"line":38,"column":6}},"19":{"start":{"line":39,"column":4},"end":{"line":39,"column":59}},"20":{"start":{"line":41,"column":4},"end":{"line":41,"column":14}},"21":{"start":{"line":46,"column":2},"end":{"line":61,"column":3}},"22":{"start":{"line":47,"column":23},"end":{"line":47,"column":41}},"23":{"start":{"line":48,"column":26},"end":{"line":48,"column":46}},"24":{"start":{"line":49,"column":32},"end":{"line":51,"column":6}},"25":{"start":{"line":52,"column":21},"end":{"line":52,"column":82}},"26":{"start":{"line":53,"column":19},"end":{"line":55,"column":5}},"27":{"start":{"line":54,"column":29},"end":{"line":54,"column":65}},"28":{"start":{"line":56,"column":29},"end":{"line":56,"column":31}},"29":{"start":{"line":57,"column":4},"end":{"line":57,"column":69}},"30":{"start":{"line":57,"column":33},"end":{"line":57,"column":65}},"31":{"start":{"line":58,"column":4},"end":{"line":58,"column":83}},"32":{"start":{"line":60,"column":4},"end":{"line":60,"column":14}},"33":{"start":{"line":64,"column":0},"end":{"line":64,"column":77}}},"fnMap":{"0":{"name":"getUserDashboard","decl":{"start":{"line":4,"column":15},"end":{"line":4,"column":31}},"loc":{"start":{"line":4,"column":48},"end":{"line":22,"column":1}},"line":4},"1":{"name":"getDriverDashboard","decl":{"start":{"line":24,"column":15},"end":{"line":24,"column":33}},"loc":{"start":{"line":24,"column":50},"end":{"line":43,"column":1}},"line":24},"2":{"name":"getAdminDashboard","decl":{"start":{"line":45,"column":15},"end":{"line":45,"column":32}},"loc":{"start":{"line":45,"column":49},"end":{"line":62,"column":1}},"line":45},"3":{"name":"(anonymous_3)","decl":{"start":{"line":54,"column":19},"end":{"line":54,"column":20}},"loc":{"start":{"line":54,"column":29},"end":{"line":54,"column":65}},"line":54},"4":{"name":"(anonymous_4)","decl":{"start":{"line":57,"column":21},"end":{"line":57,"column":22}},"loc":{"start":{"line":57,"column":31},"end":{"line":57,"column":67}},"line":57}},"branchMap":{"0":{"loc":{"start":{"line":27,"column":4},"end":{"line":29,"column":5}},"type":"if","locations":[{"start":{"line":27,"column":4},"end":{"line":29,"column":5}},{"start":{},"end":{}}],"line":27}},"s":{"0":14,"1":14,"2":1,"3":1,"4":1,"5":1,"6":1,"7":1,"8":1,"9":1,"10":1,"11":0,"12":1,"13":1,"14":1,"15":0,"16":1,"17":1,"18":1,"19":1,"20":0,"21":1,"22":1,"23":1,"24":1,"25":1,"26":1,"27":5,"28":1,"29":1,"30":5,"31":1,"32":0,"33":14},"f":{"0":1,"1":1,"2":1,"3":5,"4":5},"b":{"0":[0,1]},"_coverageSchema":"1a1c01bbd47fc00a2c39e90264f33305004495a9","hash":"541b982f4a8aff2bed724523f6c9cdad7a7a1797"}
,"F:\\myproject\\backend\\src\\controllers\\driverController.js": {"path":"F:\\myproject\\backend\\src\\controllers\\driverController.js","statementMap":{"0":{"start":{"line":1,"column":22},"end":{"line":1,"column":58}},"1":{"start":{"line":4,"column":2},"end":{"line":13,"column":3}},"2":{"start":{"line":5,"column":4},"end":{"line":7,"column":5}},"3":{"start":{"line":6,"column":6},"end":{"line":6,"column":77}},"4":{"start":{"line":8,"column":19},"end":{"line":8,"column":75}},"5":{"start":{"line":9,"column":4},"end":{"line":9,"column":33}},"6":{"start":{"line":11,"column":4},"end":{"line":11,"column":82}},"7":{"start":{"line":11,"column":28},"end":{"line":11,"column":82}},"8":{"start":{"line":12,"column":4},"end":{"line":12,"column":14}},"9":{"start":{"line":17,"column":2},"end":{"line":22,"column":3}},"10":{"start":{"line":18,"column":19},"end":{"line":18,"column":75}},"11":{"start":{"line":19,"column":4},"end":{"line":19,"column":21}},"12":{"start":{"line":21,"column":4},"end":{"line":21,"column":14}},"13":{"start":{"line":26,"column":2},"end":{"line":32,"column":3}},"14":{"start":{"line":27,"column":18},"end":{"line":27,"column":72}},"15":{"start":{"line":28,"column":4},"end":{"line":28,"column":32}},"16":{"start":{"line":30,"column":4},"end":{"line":30,"column":82}},"17":{"start":{"line":30,"column":28},"end":{"line":30,"column":82}},"18":{"start":{"line":31,"column":4},"end":{"line":31,"column":14}},"19":{"start":{"line":36,"column":2},"end":{"line":42,"column":3}},"20":{"start":{"line":37,"column":18},"end":{"line":37,"column":106}},"21":{"start":{"line":38,"column":4},"end":{"line":38,"column":20}},"22":{"start":{"line":40,"column":4},"end":{"line":40,"column":82}},"23":{"start":{"line":40,"column":28},"end":{"line":40,"column":82}},"24":{"start":{"line":41,"column":4},"end":{"line":41,"column":14}},"25":{"start":{"line":46,"column":2},"end":{"line":54,"column":3}},"26":{"start":{"line":47,"column":20},"end":{"line":47,"column":81}},"27":{"start":{"line":48,"column":4},"end":{"line":48,"column":22}},"28":{"start":{"line":50,"column":4},"end":{"line":52,"column":5}},"29":{"start":{"line":51,"column":6},"end":{"line":51,"column":67}},"30":{"start":{"line":53,"column":4},"end":{"line":53,"column":14}},"31":{"start":{"line":58,"column":2},"end":{"line":66,"column":3}},"32":{"start":{"line":59,"column":20},"end":{"line":59,"column":98}},"33":{"start":{"line":60,"column":4},"end":{"line":60,"column":22}},"34":{"start":{"line":62,"column":4},"end":{"line":64,"column":5}},"35":{"start":{"line":63,"column":6},"end":{"line":63,"column":67}},"36":{"start":{"line":65,"column":4},"end":{"line":65,"column":14}},"37":{"start":{"line":70,"column":2},"end":{"line":78,"column":3}},"38":{"start":{"line":71,"column":20},"end":{"line":71,"column":101}},"39":{"start":{"line":72,"column":4},"end":{"line":72,"column":22}},"40":{"start":{"line":74,"column":4},"end":{"line":76,"column":5}},"41":{"start":{"line":75,"column":6},"end":{"line":75,"column":67}},"42":{"start":{"line":77,"column":4},"end":{"line":77,"column":14}},"43":{"start":{"line":82,"column":2},"end":{"line":87,"column":3}},"44":{"start":{"line":83,"column":19},"end":{"line":83,"column":94}},"45":{"start":{"line":84,"column":4},"end":{"line":84,"column":21}},"46":{"start":{"line":86,"column":4},"end":{"line":86,"column":14}},"47":{"start":{"line":90,"column":0},"end":{"line":99,"column":2}}},"fnMap":{"0":{"name":"createProfile","decl":{"start":{"line":3,"column":15},"end":{"line":3,"column":28}},"loc":{"start":{"line":3,"column":45},"end":{"line":14,"column":1}},"line":3},"1":{"name":"updateProfile","decl":{"start":{"line":16,"column":15},"end":{"line":16,"column":28}},"loc":{"start":{"line":16,"column":45},"end":{"line":23,"column":1}},"line":16},"2":{"name":"createRoute","decl":{"start":{"line":25,"column":15},"end":{"line":25,"column":26}},"loc":{"start":{"line":25,"column":43},"end":{"line":33,"column":1}},"line":25},"3":{"name":"setRouteAvailability","decl":{"start":{"line":35,"column":15},"end":{"line":35,"column":35}},"loc":{"start":{"line":35,"column":52},"end":{"line":43,"column":1}},"line":35},"4":{"name":"acceptBooking","decl":{"start":{"line":45,"column":15},"end":{"line":45,"column":28}},"loc":{"start":{"line":45,"column":45},"end":{"line":55,"column":1}},"line":45},"5":{"name":"rejectBooking","decl":{"start":{"line":57,"column":15},"end":{"line":57,"column":28}},"loc":{"start":{"line":57,"column":45},"end":{"line":67,"column":1}},"line":57},"6":{"name":"updateTripStatus","decl":{"start":{"line":69,"column":15},"end":{"line":69,"column":31}},"loc":{"start":{"line":69,"column":48},"end":{"line":79,"column":1}},"line":69},"7":{"name":"setAvailability","decl":{"start":{"line":81,"column":15},"end":{"line":81,"column":30}},"loc":{"start":{"line":81,"column":47},"end":{"line":88,"column":1}},"line":81}},"branchMap":{"0":{"loc":{"start":{"line":5,"column":4},"end":{"line":7,"column":5}},"type":"if","locations":[{"start":{"line":5,"column":4},"end":{"line":7,"column":5}},{"start":{},"end":{}}],"line":5},"1":{"loc":{"start":{"line":11,"column":4},"end":{"line":11,"column":82}},"type":"if","locations":[{"start":{"line":11,"column":4},"end":{"line":11,"column":82}},{"start":{},"end":{}}],"line":11},"2":{"loc":{"start":{"line":30,"column":4},"end":{"line":30,"column":82}},"type":"if","locations":[{"start":{"line":30,"column":4},"end":{"line":30,"column":82}},{"start":{},"end":{}}],"line":30},"3":{"loc":{"start":{"line":40,"column":4},"end":{"line":40,"column":82}},"type":"if","locations":[{"start":{"line":40,"column":4},"end":{"line":40,"column":82}},{"start":{},"end":{}}],"line":40},"4":{"loc":{"start":{"line":50,"column":4},"end":{"line":52,"column":5}},"type":"if","locations":[{"start":{"line":50,"column":4},"end":{"line":52,"column":5}},{"start":{},"end":{}}],"line":50},"5":{"loc":{"start":{"line":50,"column":8},"end":{"line":50,"column":70}},"type":"binary-expr","locations":[{"start":{"line":50,"column":8},"end":{"line":50,"column":26}},{"start":{"line":50,"column":30},"end":{"line":50,"column":48}},{"start":{"line":50,"column":52},"end":{"line":50,"column":70}}],"line":50},"6":{"loc":{"start":{"line":62,"column":4},"end":{"line":64,"column":5}},"type":"if","locations":[{"start":{"line":62,"column":4},"end":{"line":64,"column":5}},{"start":{},"end":{}}],"line":62},"7":{"loc":{"start":{"line":62,"column":8},"end":{"line":62,"column":70}},"type":"binary-expr","locations":[{"start":{"line":62,"column":8},"end":{"line":62,"column":26}},{"start":{"line":62,"column":30},"end":{"line":62,"column":48}},{"start":{"line":62,"column":52},"end":{"line":62,"column":70}}],"line":62},"8":{"loc":{"start":{"line":74,"column":4},"end":{"line":76,"column":5}},"type":"if","locations":[{"start":{"line":74,"column":4},"end":{"line":76,"column":5}},{"start":{},"end":{}}],"line":74},"9":{"loc":{"start":{"line":74,"column":8},"end":{"line":74,"column":70}},"type":"binary-expr","locations":[{"start":{"line":74,"column":8},"end":{"line":74,"column":26}},{"start":{"line":74,"column":30},"end":{"line":74,"column":48}},{"start":{"line":74,"column":52},"end":{"line":74,"column":70}}],"line":74}},"s":{"0":14,"1":2,"2":2,"3":0,"4":2,"5":2,"6":0,"7":0,"8":0,"9":1,"10":1,"11":1,"12":0,"13":2,"14":2,"15":2,"16":0,"17":0,"18":0,"19":1,"20":1,"21":1,"22":0,"23":0,"24":0,"25":2,"26":2,"27":2,"28":0,"29":0,"30":0,"31":1,"32":1,"33":1,"34":0,"35":0,"36":0,"37":2,"38":2,"39":2,"40":0,"41":0,"42":0,"43":2,"44":2,"45":2,"46":0,"47":14},"f":{"0":2,"1":1,"2":2,"3":1,"4":2,"5":1,"6":2,"7":2},"b":{"0":[0,2],"1":[0,0],"2":[0,0],"3":[0,0],"4":[0,0],"5":[0,0,0],"6":[0,0],"7":[0,0,0],"8":[0,0],"9":[0,0,0]},"_coverageSchema":"1a1c01bbd47fc00a2c39e90264f33305004495a9","hash":"ae125491f6393ce810fb6bf3238d19764ed95d65"}
,"F:\\myproject\\backend\\src\\controllers\\searchController.js": {"path":"F:\\myproject\\backend\\src\\controllers\\searchController.js","statementMap":{"0":{"start":{"line":1,"column":22},"end":{"line":1,"column":58}},"1":{"start":{"line":4,"column":2},"end":{"line":10,"column":3}},"2":{"start":{"line":5,"column":36},"end":{"line":5,"column":45}},"3":{"start":{"line":6,"column":19},"end":{"line":6,"column":72}},"4":{"start":{"line":7,"column":4},"end":{"line":7,"column":21}},"5":{"start":{"line":9,"column":4},"end":{"line":9,"column":14}},"6":{"start":{"line":13,"column":0},"end":{"line":13,"column":28}}},"fnMap":{"0":{"name":"search","decl":{"start":{"line":3,"column":15},"end":{"line":3,"column":21}},"loc":{"start":{"line":3,"column":38},"end":{"line":11,"column":1}},"line":3}},"branchMap":{},"s":{"0":14,"1":5,"2":5,"3":5,"4":5,"5":0,"6":14},"f":{"0":5},"b":{},"_coverageSchema":"1a1c01bbd47fc00a2c39e90264f33305004495a9","hash":"e06ea7495ff9256bef57ad4e2ffd6de11657ad2a"}
,"F:\\myproject\\backend\\src\\controllers\\userController.js": {"path":"F:\\myproject\\backend\\src\\controllers\\userController.js","statementMap":{"0":{"start":{"line":1,"column":20},"end":{"line":1,"column":54}},"1":{"start":{"line":4,"column":2},"end":{"line":9,"column":3}},"2":{"start":{"line":5,"column":17},"end":{"line":5,"column":58}},"3":{"start":{"line":6,"column":4},"end":{"line":6,"column":19}},"4":{"start":{"line":8,"column":4},"end":{"line":8,"column":14}},"5":{"start":{"line":13,"column":2},"end":{"line":25,"column":3}},"6":{"start":{"line":14,"column":22},"end":{"line":14,"column":30}},"7":{"start":{"line":15,"column":4},"end":{"line":17,"column":5}},"8":{"start":{"line":16,"column":6},"end":{"line":16,"column":78}},"9":{"start":{"line":18,"column":17},"end":{"line":18,"column":71}},"10":{"start":{"line":19,"column":4},"end":{"line":19,"column":19}},"11":{"start":{"line":21,"column":4},"end":{"line":23,"column":5}},"12":{"start":{"line":22,"column":6},"end":{"line":22,"column":60}},"13":{"start":{"line":24,"column":4},"end":{"line":24,"column":14}},"14":{"start":{"line":28,"column":0},"end":{"line":28,"column":47}}},"fnMap":{"0":{"name":"getProfile","decl":{"start":{"line":3,"column":15},"end":{"line":3,"column":25}},"loc":{"start":{"line":3,"column":42},"end":{"line":10,"column":1}},"line":3},"1":{"name":"updateProfile","decl":{"start":{"line":12,"column":15},"end":{"line":12,"column":28}},"loc":{"start":{"line":12,"column":45},"end":{"line":26,"column":1}},"line":12}},"branchMap":{"0":{"loc":{"start":{"line":15,"column":4},"end":{"line":17,"column":5}},"type":"if","locations":[{"start":{"line":15,"column":4},"end":{"line":17,"column":5}},{"start":{},"end":{}}],"line":15},"1":{"loc":{"start":{"line":15,"column":8},"end":{"line":15,"column":82}},"type":"binary-expr","locations":[{"start":{"line":15,"column":8},"end":{"line":15,"column":27}},{"start":{"line":15,"column":31},"end":{"line":15,"column":82}}],"line":15},"2":{"loc":{"start":{"line":21,"column":4},"end":{"line":23,"column":5}},"type":"if","locations":[{"start":{"line":21,"column":4},"end":{"line":23,"column":5}},{"start":{},"end":{}}],"line":21}},"s":{"0":14,"1":2,"2":2,"3":2,"4":0,"5":0,"6":0,"7":0,"8":0,"9":0,"10":0,"11":0,"12":0,"13":0,"14":14},"f":{"0":2,"1":0},"b":{"0":[0,0],"1":[0,0],"2":[0,0]},"_coverageSchema":"1a1c01bbd47fc00a2c39e90264f33305004495a9","hash":"bc2807afd79d6fde66b1060f36a746b119333315"}
,"F:\\myproject\\backend\\src\\middleware\\auth.js": {"path":"F:\\myproject\\backend\\src\\middleware\\auth.js","statementMap":{"0":{"start":{"line":1,"column":24},"end":{"line":1,"column":47}},"1":{"start":{"line":4,"column":21},"end":{"line":4,"column":46}},"2":{"start":{"line":5,"column":2},"end":{"line":7,"column":3}},"3":{"start":{"line":6,"column":4},"end":{"line":6,"column":66}},"4":{"start":{"line":8,"column":16},"end":{"line":8,"column":40}},"5":{"start":{"line":9,"column":2},"end":{"line":15,"column":3}},"6":{"start":{"line":10,"column":20},"end":{"line":10,"column":38}},"7":{"start":{"line":11,"column":4},"end":{"line":11,"column":23}},"8":{"start":{"line":12,"column":4},"end":{"line":12,"column":11}},"9":{"start":{"line":14,"column":4},"end":{"line":14,"column":58}},"10":{"start":{"line":18,"column":0},"end":{"line":18,"column":34}}},"fnMap":{"0":{"name":"authenticate","decl":{"start":{"line":3,"column":9},"end":{"line":3,"column":21}},"loc":{"start":{"line":3,"column":38},"end":{"line":16,"column":1}},"line":3}},"branchMap":{"0":{"loc":{"start":{"line":5,"column":2},"end":{"line":7,"column":3}},"type":"if","locations":[{"start":{"line":5,"column":2},"end":{"line":7,"column":3}},{"start":{},"end":{}}],"line":5},"1":{"loc":{"start":{"line":5,"column":6},"end":{"line":5,"column":54}},"type":"binary-expr","locations":[{"start":{"line":5,"column":6},"end":{"line":5,"column":17}},{"start":{"line":5,"column":21},"end":{"line":5,"column":54}}],"line":5}},"s":{"0":14,"1":62,"2":62,"3":3,"4":59,"5":59,"6":59,"7":57,"8":57,"9":2,"10":14},"f":{"0":62},"b":{"0":[3,59],"1":[62,59]},"_coverageSchema":"1a1c01bbd47fc00a2c39e90264f33305004495a9","hash":"3352996cdefa7c72fc301ae93b0118acf24ed357"}
,"F:\\myproject\\backend\\src\\middleware\\errorHandler.js": {"path":"F:\\myproject\\backend\\src\\middleware\\errorHandler.js","statementMap":{"0":{"start":{"line":2,"column":17},"end":{"line":2,"column":34}},"1":{"start":{"line":3,"column":2},"end":{"line":6,"column":5}},"2":{"start":{"line":9,"column":0},"end":{"line":9,"column":34}}},"fnMap":{"0":{"name":"errorHandler","decl":{"start":{"line":1,"column":9},"end":{"line":1,"column":21}},"loc":{"start":{"line":1,"column":43},"end":{"line":7,"column":1}},"line":1}},"branchMap":{"0":{"loc":{"start":{"line":2,"column":17},"end":{"line":2,"column":34}},"type":"binary-expr","locations":[{"start":{"line":2,"column":17},"end":{"line":2,"column":27}},{"start":{"line":2,"column":31},"end":{"line":2,"column":34}}],"line":2},"1":{"loc":{"start":{"line":4,"column":13},"end":{"line":4,"column":51}},"type":"binary-expr","locations":[{"start":{"line":4,"column":13},"end":{"line":4,"column":24}},{"start":{"line":4,"column":28},"end":{"line":4,"column":51}}],"line":4},"2":{"loc":{"start":{"line":5,"column":8},"end":{"line":5,"column":44}},"type":"binary-expr","locations":[{"start":{"line":5,"column":8},"end":{"line":5,"column":18}},{"start":{"line":5,"column":22},"end":{"line":5,"column":44}}],"line":5}},"s":{"0":1,"1":1,"2":14},"f":{"0":1},"b":{"0":[1,0],"1":[1,0],"2":[1,0]},"_coverageSchema":"1a1c01bbd47fc00a2c39e90264f33305004495a9","hash":"4e6dbacb01e0bfc7c4871eae9c96d3f1f0f3ac63"}
,"F:\\myproject\\backend\\src\\middleware\\rbac.js": {"path":"F:\\myproject\\backend\\src\\middleware\\rbac.js","statementMap":{"0":{"start":{"line":2,"column":2},"end":{"line":10,"column":4}},"1":{"start":{"line":3,"column":4},"end":{"line":5,"column":5}},"2":{"start":{"line":4,"column":6},"end":{"line":4,"column":74}},"3":{"start":{"line":6,"column":4},"end":{"line":8,"column":5}},"4":{"start":{"line":7,"column":6},"end":{"line":7,"column":75}},"5":{"start":{"line":9,"column":4},"end":{"line":9,"column":11}},"6":{"start":{"line":13,"column":0},"end":{"line":13,"column":31}}},"fnMap":{"0":{"name":"authorize","decl":{"start":{"line":1,"column":9},"end":{"line":1,"column":18}},"loc":{"start":{"line":1,"column":36},"end":{"line":11,"column":1}},"line":1},"1":{"name":"(anonymous_1)","decl":{"start":{"line":2,"column":9},"end":{"line":2,"column":10}},"loc":{"start":{"line":2,"column":29},"end":{"line":10,"column":3}},"line":2}},"branchMap":{"0":{"loc":{"start":{"line":3,"column":4},"end":{"line":5,"column":5}},"type":"if","locations":[{"start":{"line":3,"column":4},"end":{"line":5,"column":5}},{"start":{},"end":{}}],"line":3},"1":{"loc":{"start":{"line":6,"column":4},"end":{"line":8,"column":5}},"type":"if","locations":[{"start":{"line":6,"column":4},"end":{"line":8,"column":5}},{"start":{},"end":{}}],"line":6}},"s":{"0":168,"1":40,"2":0,"3":40,"4":5,"5":35,"6":14},"f":{"0":168,"1":40},"b":{"0":[0,40],"1":[5,35]},"_coverageSchema":"1a1c01bbd47fc00a2c39e90264f33305004495a9","hash":"6265756854eba05f14fa2a81335f68ac2e8226fd"}
,"F:\\myproject\\backend\\src\\models\\Agency.js": {"path":"F:\\myproject\\backend\\src\\models\\Agency.js","statementMap":{"0":{"start":{"line":1,"column":18},"end":{"line":1,"column":38}},"1":{"start":{"line":3,"column":0},"end":{"line":23,"column":2}},"2":{"start":{"line":6,"column":6},"end":{"line":6,"column":64}},"3":{"start":{"line":10,"column":2},"end":{"line":20,"column":4}},"4":{"start":{"line":22,"column":2},"end":{"line":22,"column":16}}},"fnMap":{"0":{"name":"(anonymous_0)","decl":{"start":{"line":3,"column":17},"end":{"line":3,"column":18}},"loc":{"start":{"line":3,"column":43},"end":{"line":23,"column":1}},"line":3},"1":{"name":"(anonymous_1)","decl":{"start":{"line":5,"column":4},"end":{"line":5,"column":5}},"loc":{"start":{"line":5,"column":29},"end":{"line":7,"column":5}},"line":5}},"branchMap":{},"s":{"0":35,"1":35,"2":35,"3":35,"4":35},"f":{"0":35,"1":35},"b":{},"_coverageSchema":"1a1c01bbd47fc00a2c39e90264f33305004495a9","hash":"a59bf8d062c316e71dd9adcc6ddd5c055f7773a1"}
,"F:\\myproject\\backend\\src\\models\\Booking.js": {"path":"F:\\myproject\\backend\\src\\models\\Booking.js","statementMap":{"0":{"start":{"line":1,"column":18},"end":{"line":1,"column":38}},"1":{"start":{"line":3,"column":0},"end":{"line":32,"column":2}},"2":{"start":{"line":6,"column":6},"end":{"line":6,"column":63}},"3":{"start":{"line":7,"column":6},"end":{"line":7,"column":65}},"4":{"start":{"line":8,"column":6},"end":{"line":8,"column":67}},"5":{"start":{"line":9,"column":6},"end":{"line":9,"column":80}},"6":{"start":{"line":13,"column":2},"end":{"line":29,"column":4}},"7":{"start":{"line":31,"column":2},"end":{"line":31,"column":17}}},"fnMap":{"0":{"name":"(anonymous_0)","decl":{"start":{"line":3,"column":17},"end":{"line":3,"column":18}},"loc":{"start":{"line":3,"column":43},"end":{"line":32,"column":1}},"line":3},"1":{"name":"(anonymous_1)","decl":{"start":{"line":5,"column":4},"end":{"line":5,"column":5}},"loc":{"start":{"line":5,"column":29},"end":{"line":10,"column":5}},"line":5}},"branchMap":{},"s":{"0":35,"1":35,"2":35,"3":35,"4":35,"5":35,"6":35,"7":35},"f":{"0":35,"1":35},"b":{},"_coverageSchema":"1a1c01bbd47fc00a2c39e90264f33305004495a9","hash":"b3afa742a6561c2d62845e02dfc4e27da59e77a8"}
,"F:\\myproject\\backend\\src\\models\\BookingStatusHistory.js": {"path":"F:\\myproject\\backend\\src\\models\\BookingStatusHistory.js","statementMap":{"0":{"start":{"line":1,"column":18},"end":{"line":1,"column":38}},"1":{"start":{"line":3,"column":0},"end":{"line":22,"column":2}},"2":{"start":{"line":6,"column":6},"end":{"line":6,"column":82}},"3":{"start":{"line":10,"column":2},"end":{"line":19,"column":4}},"4":{"start":{"line":21,"column":2},"end":{"line":21,"column":30}}},"fnMap":{"0":{"name":"(anonymous_0)","decl":{"start":{"line":3,"column":17},"end":{"line":3,"column":18}},"loc":{"start":{"line":3,"column":43},"end":{"line":22,"column":1}},"line":3},"1":{"name":"(anonymous_1)","decl":{"start":{"line":5,"column":4},"end":{"line":5,"column":5}},"loc":{"start":{"line":5,"column":29},"end":{"line":7,"column":5}},"line":5}},"branchMap":{},"s":{"0":35,"1":35,"2":35,"3":35,"4":35},"f":{"0":35,"1":35},"b":{},"_coverageSchema":"1a1c01bbd47fc00a2c39e90264f33305004495a9","hash":"9a2d3e8fc82ec78714ddee5abeb419915c6b6a29"}
,"F:\\myproject\\backend\\src\\models\\Driver.js": {"path":"F:\\myproject\\backend\\src\\models\\Driver.js","statementMap":{"0":{"start":{"line":1,"column":18},"end":{"line":1,"column":38}},"1":{"start":{"line":3,"column":0},"end":{"line":32,"column":2}},"2":{"start":{"line":6,"column":6},"end":{"line":6,"column":62}},"3":{"start":{"line":7,"column":6},"end":{"line":7,"column":66}},"4":{"start":{"line":8,"column":6},"end":{"line":8,"column":63}},"5":{"start":{"line":9,"column":6},"end":{"line":9,"column":65}},"6":{"start":{"line":13,"column":2},"end":{"line":29,"column":4}},"7":{"start":{"line":31,"column":2},"end":{"line":31,"column":16}}},"fnMap":{"0":{"name":"(anonymous_0)","decl":{"start":{"line":3,"column":17},"end":{"line":3,"column":18}},"loc":{"start":{"line":3,"column":43},"end":{"line":32,"column":1}},"line":3},"1":{"name":"(anonymous_1)","decl":{"start":{"line":5,"column":4},"end":{"line":5,"column":5}},"loc":{"start":{"line":5,"column":29},"end":{"line":10,"column":5}},"line":5}},"branchMap":{},"s":{"0":35,"1":35,"2":35,"3":35,"4":35,"5":35,"6":35,"7":35},"f":{"0":35,"1":35},"b":{},"_coverageSchema":"1a1c01bbd47fc00a2c39e90264f33305004495a9","hash":"4d3a313968f25ec2869e875d1cfab36489b4d813"}
,"F:\\myproject\\backend\\src\\models\\Route.js": {"path":"F:\\myproject\\backend\\src\\models\\Route.js","statementMap":{"0":{"start":{"line":1,"column":18},"end":{"line":1,"column":38}},"1":{"start":{"line":3,"column":0},"end":{"line":26,"column":2}},"2":{"start":{"line":6,"column":6},"end":{"line":6,"column":65}},"3":{"start":{"line":10,"column":2},"end":{"line":23,"column":4}},"4":{"start":{"line":25,"column":2},"end":{"line":25,"column":15}}},"fnMap":{"0":{"name":"(anonymous_0)","decl":{"start":{"line":3,"column":17},"end":{"line":3,"column":18}},"loc":{"start":{"line":3,"column":43},"end":{"line":26,"column":1}},"line":3},"1":{"name":"(anonymous_1)","decl":{"start":{"line":5,"column":4},"end":{"line":5,"column":5}},"loc":{"start":{"line":5,"column":29},"end":{"line":7,"column":5}},"line":5}},"branchMap":{},"s":{"0":35,"1":35,"2":35,"3":35,"4":35},"f":{"0":35,"1":35},"b":{},"_coverageSchema":"1a1c01bbd47fc00a2c39e90264f33305004495a9","hash":"aba1b5b8a271e2cbfd9fe5cda691f15a666e4e20"}
,"F:\\myproject\\backend\\src\\models\\User.js": {"path":"F:\\myproject\\backend\\src\\models\\User.js","statementMap":{"0":{"start":{"line":1,"column":18},"end":{"line":1,"column":38}},"1":{"start":{"line":3,"column":0},"end":{"line":30,"column":2}},"2":{"start":{"line":6,"column":6},"end":{"line":6,"column":59}},"3":{"start":{"line":7,"column":6},"end":{"line":7,"column":61}},"4":{"start":{"line":11,"column":2},"end":{"line":27,"column":4}},"5":{"start":{"line":29,"column":2},"end":{"line":29,"column":14}}},"fnMap":{"0":{"name":"(anonymous_0)","decl":{"start":{"line":3,"column":17},"end":{"line":3,"column":18}},"loc":{"start":{"line":3,"column":43},"end":{"line":30,"column":1}},"line":3},"1":{"name":"(anonymous_1)","decl":{"start":{"line":5,"column":4},"end":{"line":5,"column":5}},"loc":{"start":{"line":5,"column":29},"end":{"line":8,"column":5}},"line":5}},"branchMap":{},"s":{"0":35,"1":35,"2":35,"3":35,"4":35,"5":35},"f":{"0":35,"1":35},"b":{},"_coverageSchema":"1a1c01bbd47fc00a2c39e90264f33305004495a9","hash":"9d9f87662467fbb661db6bfaf9aaeca1bf6b3798"}
,"F:\\myproject\\backend\\src\\models\\index.js": {"path":"F:\\myproject\\backend\\src\\models\\index.js","statementMap":{"0":{"start":{"line":1,"column":18},"end":{"line":1,"column":38}},"1":{"start":{"line":2,"column":15},"end":{"line":2,"column":44}},"2":{"start":{"line":4,"column":18},"end":{"line":9,"column":2}},"3":{"start":{"line":11,"column":11},"end":{"line":11,"column":13}},"4":{"start":{"line":13,"column":0},"end":{"line":13,"column":60}},"5":{"start":{"line":14,"column":0},"end":{"line":14,"column":64}},"6":{"start":{"line":15,"column":0},"end":{"line":15,"column":64}},"7":{"start":{"line":16,"column":0},"end":{"line":16,"column":62}},"8":{"start":{"line":17,"column":0},"end":{"line":17,"column":66}},"9":{"start":{"line":18,"column":0},"end":{"line":18,"column":92}},"10":{"start":{"line":20,"column":0},"end":{"line":24,"column":3}},"11":{"start":{"line":21,"column":2},"end":{"line":23,"column":3}},"12":{"start":{"line":22,"column":4},"end":{"line":22,"column":32}},"13":{"start":{"line":26,"column":0},"end":{"line":26,"column":25}},"14":{"start":{"line":27,"column":0},"end":{"line":27,"column":25}},"15":{"start":{"line":29,"column":0},"end":{"line":29,"column":20}}},"fnMap":{"0":{"name":"(anonymous_0)","decl":{"start":{"line":20,"column":24},"end":{"line":20,"column":25}},"loc":{"start":{"line":20,"column":37},"end":{"line":24,"column":1}},"line":20}},"branchMap":{"0":{"loc":{"start":{"line":21,"column":2},"end":{"line":23,"column":3}},"type":"if","locations":[{"start":{"line":21,"column":2},"end":{"line":23,"column":3}},{"start":{},"end":{}}],"line":21}},"s":{"0":35,"1":35,"2":35,"3":35,"4":35,"5":35,"6":35,"7":35,"8":35,"9":35,"10":35,"11":210,"12":210,"13":35,"14":35,"15":35},"f":{"0":210},"b":{"0":[210,0]},"_coverageSchema":"1a1c01bbd47fc00a2c39e90264f33305004495a9","hash":"711381b32f11425e6dd2edb37faf3c11b9534f02"}
,"F:\\myproject\\backend\\src\\routes\\admin.js": {"path":"F:\\myproject\\backend\\src\\routes\\admin.js","statementMap":{"0":{"start":{"line":1,"column":19},"end":{"line":1,"column":37}},"1":{"start":{"line":2,"column":24},"end":{"line":2,"column":65}},"2":{"start":{"line":4,"column":15},"end":{"line":4,"column":23}},"3":{"start":{"line":6,"column":0},"end":{"line":6,"column":47}},"4":{"start":{"line":7,"column":0},"end":{"line":7,"column":70}},"5":{"start":{"line":8,"column":0},"end":{"line":8,"column":55}},"6":{"start":{"line":9,"column":0},"end":{"line":9,"column":58}},"7":{"start":{"line":10,"column":0},"end":{"line":10,"column":73}},"8":{"start":{"line":11,"column":0},"end":{"line":11,"column":56}},"9":{"start":{"line":12,"column":0},"end":{"line":12,"column":66}},"10":{"start":{"line":14,"column":0},"end":{"line":14,"column":24}}},"fnMap":{},"branchMap":{},"s":{"0":14,"1":14,"2":14,"3":14,"4":14,"5":14,"6":14,"7":14,"8":14,"9":14,"10":14},"f":{},"b":{},"_coverageSchema":"1a1c01bbd47fc00a2c39e90264f33305004495a9","hash":"7e6d192101e240ff81dbb31c7b721fbb6a5ce65f"}
,"F:\\myproject\\backend\\src\\routes\\agency.js": {"path":"F:\\myproject\\backend\\src\\routes\\agency.js","statementMap":{"0":{"start":{"line":1,"column":19},"end":{"line":1,"column":37}},"1":{"start":{"line":2,"column":25},"end":{"line":2,"column":67}},"2":{"start":{"line":4,"column":15},"end":{"line":4,"column":23}},"3":{"start":{"line":6,"column":0},"end":{"line":6,"column":52}},"4":{"start":{"line":7,"column":0},"end":{"line":7,"column":61}},"5":{"start":{"line":8,"column":0},"end":{"line":8,"column":52}},"6":{"start":{"line":9,"column":0},"end":{"line":9,"column":54}},"7":{"start":{"line":11,"column":0},"end":{"line":11,"column":24}}},"fnMap":{},"branchMap":{},"s":{"0":14,"1":14,"2":14,"3":14,"4":14,"5":14,"6":14,"7":14},"f":{},"b":{},"_coverageSchema":"1a1c01bbd47fc00a2c39e90264f33305004495a9","hash":"9d186fc2a7adfc719f150857d7759c0aef5d9e5b"}
,"F:\\myproject\\backend\\src\\routes\\auth.js": {"path":"F:\\myproject\\backend\\src\\routes\\auth.js","statementMap":{"0":{"start":{"line":1,"column":19},"end":{"line":1,"column":37}},"1":{"start":{"line":2,"column":23},"end":{"line":2,"column":63}},"2":{"start":{"line":4,"column":15},"end":{"line":4,"column":23}},"3":{"start":{"line":6,"column":0},"end":{"line":6,"column":50}},"4":{"start":{"line":7,"column":0},"end":{"line":7,"column":44}},"5":{"start":{"line":9,"column":0},"end":{"line":9,"column":24}}},"fnMap":{},"branchMap":{},"s":{"0":14,"1":14,"2":14,"3":14,"4":14,"5":14},"f":{},"b":{},"_coverageSchema":"1a1c01bbd47fc00a2c39e90264f33305004495a9","hash":"9511d410ac504fb233a5f46ba1fb68cfe7fa6066"}
,"F:\\myproject\\backend\\src\\routes\\bookings.js": {"path":"F:\\myproject\\backend\\src\\routes\\bookings.js","statementMap":{"0":{"start":{"line":1,"column":19},"end":{"line":1,"column":37}},"1":{"start":{"line":2,"column":26},"end":{"line":2,"column":69}},"2":{"start":{"line":4,"column":15},"end":{"line":4,"column":23}},"3":{"start":{"line":6,"column":0},"end":{"line":6,"column":43}},"4":{"start":{"line":7,"column":0},"end":{"line":7,"column":40}},"5":{"start":{"line":8,"column":0},"end":{"line":8,"column":46}},"6":{"start":{"line":9,"column":0},"end":{"line":9,"column":55}},"7":{"start":{"line":10,"column":0},"end":{"line":10,"column":70}},"8":{"start":{"line":11,"column":0},"end":{"line":11,"column":52}},"9":{"start":{"line":13,"column":0},"end":{"line":13,"column":24}}},"fnMap":{},"branchMap":{},"s":{"0":14,"1":14,"2":14,"3":14,"4":14,"5":14,"6":14,"7":14,"8":14,"9":14},"f":{},"b":{},"_coverageSchema":"1a1c01bbd47fc00a2c39e90264f33305004495a9","hash":"c49bcce327677a19338668b2b7dffdc1a9ffe80f"}
,"F:\\myproject\\backend\\src\\routes\\dashboard.js": {"path":"F:\\myproject\\backend\\src\\routes\\dashboard.js","statementMap":{"0":{"start":{"line":1,"column":19},"end":{"line":1,"column":37}},"1":{"start":{"line":2,"column":22},"end":{"line":2,"column":51}},"2":{"start":{"line":3,"column":28},"end":{"line":3,"column":73}},"3":{"start":{"line":5,"column":15},"end":{"line":5,"column":23}},"4":{"start":{"line":7,"column":0},"end":{"line":7,"column":58}},"5":{"start":{"line":8,"column":0},"end":{"line":8,"column":92}},"6":{"start":{"line":9,"column":0},"end":{"line":9,"column":80}},"7":{"start":{"line":11,"column":0},"end":{"line":11,"column":24}}},"fnMap":{},"branchMap":{},"s":{"0":14,"1":14,"2":14,"3":14,"4":14,"5":14,"6":14,"7":14},"f":{},"b":{},"_coverageSchema":"1a1c01bbd47fc00a2c39e90264f33305004495a9","hash":"f96d648947f86f7d7ea32fcba49da0e3c8d42c98"}
,"F:\\myproject\\backend\\src\\routes\\drivers.js": {"path":"F:\\myproject\\backend\\src\\routes\\drivers.js","statementMap":{"0":{"start":{"line":1,"column":19},"end":{"line":1,"column":37}},"1":{"start":{"line":2,"column":22},"end":{"line":2,"column":51}},"2":{"start":{"line":3,"column":25},"end":{"line":3,"column":67}},"3":{"start":{"line":5,"column":15},"end":{"line":5,"column":23}},"4":{"start":{"line":7,"column":0},"end":{"line":7,"column":86}},"5":{"start":{"line":8,"column":0},"end":{"line":8,"column":85}},"6":{"start":{"line":9,"column":0},"end":{"line":9,"column":83}},"7":{"start":{"line":10,"column":0},"end":{"line":10,"column":108}},"8":{"start":{"line":11,"column":0},"end":{"line":11,"column":97}},"9":{"start":{"line":12,"column":0},"end":{"line":12,"column":97}},"10":{"start":{"line":13,"column":0},"end":{"line":13,"column":100}},"11":{"start":{"line":14,"column":0},"end":{"line":14,"column":92}},"12":{"start":{"line":16,"column":0},"end":{"line":16,"column":24}}},"fnMap":{},"branchMap":{},"s":{"0":14,"1":14,"2":14,"3":14,"4":14,"5":14,"6":14,"7":14,"8":14,"9":14,"10":14,"11":14,"12":14},"f":{},"b":{},"_coverageSchema":"1a1c01bbd47fc00a2c39e90264f33305004495a9","hash":"27503e8d86a70e52eb6ba423067911499e688651"}
,"F:\\myproject\\backend\\src\\routes\\search.js": {"path":"F:\\myproject\\backend\\src\\routes\\search.js","statementMap":{"0":{"start":{"line":1,"column":19},"end":{"line":1,"column":37}},"1":{"start":{"line":2,"column":25},"end":{"line":2,"column":67}},"2":{"start":{"line":4,"column":15},"end":{"line":4,"column":23}},"3":{"start":{"line":6,"column":0},"end":{"line":6,"column":47}},"4":{"start":{"line":8,"column":0},"end":{"line":8,"column":24}}},"fnMap":{},"branchMap":{},"s":{"0":14,"1":14,"2":14,"3":14,"4":14},"f":{},"b":{},"_coverageSchema":"1a1c01bbd47fc00a2c39e90264f33305004495a9","hash":"47ac50b58f3036476d4cf6f5f91b37b17dc46ed3"}
,"F:\\myproject\\backend\\src\\routes\\users.js": {"path":"F:\\myproject\\backend\\src\\routes\\users.js","statementMap":{"0":{"start":{"line":1,"column":19},"end":{"line":1,"column":37}},"1":{"start":{"line":2,"column":25},"end":{"line":2,"column":54}},"2":{"start":{"line":3,"column":23},"end":{"line":3,"column":63}},"3":{"start":{"line":5,"column":15},"end":{"line":5,"column":23}},"4":{"start":{"line":7,"column":0},"end":{"line":7,"column":25}},"5":{"start":{"line":9,"column":0},"end":{"line":9,"column":50}},"6":{"start":{"line":10,"column":0},"end":{"line":10,"column":53}},"7":{"start":{"line":12,"column":0},"end":{"line":12,"column":24}}},"fnMap":{},"branchMap":{},"s":{"0":14,"1":14,"2":14,"3":14,"4":14,"5":14,"6":14,"7":14},"f":{},"b":{},"_coverageSchema":"1a1c01bbd47fc00a2c39e90264f33305004495a9","hash":"a054543fab44251054ea1b1bc42902d234ef8b0d"}
,"F:\\myproject\\backend\\src\\services\\adminService.js": {"path":"F:\\myproject\\backend\\src\\services\\adminService.js","statementMap":{"0":{"start":{"line":1,"column":82},"end":{"line":1,"column":102}},"1":{"start":{"line":2,"column":15},"end":{"line":2,"column":24}},"2":{"start":{"line":5,"column":16},"end":{"line":5,"column":77}},"3":{"start":{"line":6,"column":2},"end":{"line":6,"column":15}},"4":{"start":{"line":10,"column":15},"end":{"line":10,"column":42}},"5":{"start":{"line":11,"column":2},"end":{"line":15,"column":3}},"6":{"start":{"line":12,"column":16},"end":{"line":12,"column":43}},"7":{"start":{"line":13,"column":4},"end":{"line":13,"column":21}},"8":{"start":{"line":14,"column":4},"end":{"line":14,"column":14}},"9":{"start":{"line":16,"column":2},"end":{"line":16,"column":29}},"10":{"start":{"line":17,"column":2},"end":{"line":17,"column":20}},"11":{"start":{"line":18,"column":2},"end":{"line":18,"column":14}},"12":{"start":{"line":22,"column":17},"end":{"line":22,"column":69}},"13":{"start":{"line":23,"column":2},"end":{"line":23,"column":16}},"14":{"start":{"line":27,"column":17},"end":{"line":27,"column":48}},"15":{"start":{"line":28,"column":2},"end":{"line":32,"column":3}},"16":{"start":{"line":29,"column":16},"end":{"line":29,"column":45}},"17":{"start":{"line":30,"column":4},"end":{"line":30,"column":21}},"18":{"start":{"line":31,"column":4},"end":{"line":31,"column":14}},"19":{"start":{"line":33,"column":24},"end":{"line":33,"column":50}},"20":{"start":{"line":34,"column":18},"end":{"line":34,"column":20}},"21":{"start":{"line":35,"column":2},"end":{"line":37,"column":5}},"22":{"start":{"line":36,"column":4},"end":{"line":36,"column":52}},"23":{"start":{"line":36,"column":31},"end":{"line":36,"column":52}},"24":{"start":{"line":38,"column":2},"end":{"line":38,"column":31}},"25":{"start":{"line":39,"column":2},"end":{"line":39,"column":16}},"26":{"start":{"line":43,"column":17},"end":{"line":43,"column":48}},"27":{"start":{"line":44,"column":2},"end":{"line":48,"column":3}},"28":{"start":{"line":45,"column":16},"end":{"line":45,"column":45}},"29":{"start":{"line":46,"column":4},"end":{"line":46,"column":21}},"30":{"start":{"line":47,"column":4},"end":{"line":47,"column":14}},"31":{"start":{"line":49,"column":2},"end":{"line":49,"column":24}},"32":{"start":{"line":50,"column":2},"end":{"line":50,"column":22}},"33":{"start":{"line":52,"column":20},"end":{"line":52,"column":85}},"34":{"start":{"line":53,"column":14},"end":{"line":53,"column":38}},"35":{"start":{"line":53,"column":33},"end":{"line":53,"column":37}},"36":{"start":{"line":55,"column":26},"end":{"line":57,"column":4}},"37":{"start":{"line":58,"column":2},"end":{"line":69,"column":3}},"38":{"start":{"line":59,"column":23},"end":{"line":59,"column":37}},"39":{"start":{"line":60,"column":4},"end":{"line":60,"column":33}},"40":{"start":{"line":61,"column":4},"end":{"line":61,"column":48}},"41":{"start":{"line":62,"column":4},"end":{"line":62,"column":25}},"42":{"start":{"line":63,"column":4},"end":{"line":68,"column":7}},"43":{"start":{"line":71,"column":2},"end":{"line":71,"column":16}},"44":{"start":{"line":75,"column":19},"end":{"line":82,"column":4}},"45":{"start":{"line":83,"column":2},"end":{"line":83,"column":18}},"46":{"start":{"line":87,"column":18},"end":{"line":87,"column":51}},"47":{"start":{"line":88,"column":2},"end":{"line":92,"column":3}},"48":{"start":{"line":89,"column":16},"end":{"line":89,"column":46}},"49":{"start":{"line":90,"column":4},"end":{"line":90,"column":21}},"50":{"start":{"line":91,"column":4},"end":{"line":91,"column":14}},"51":{"start":{"line":93,"column":21},"end":{"line":93,"column":35}},"52":{"start":{"line":94,"column":2},"end":{"line":94,"column":31}},"53":{"start":{"line":95,"column":2},"end":{"line":95,"column":56}},"54":{"start":{"line":96,"column":2},"end":{"line":96,"column":32}},"55":{"start":{"line":97,"column":2},"end":{"line":97,"column":23}},"56":{"start":{"line":98,"column":2},"end":{"line":103,"column":5}},"57":{"start":{"line":104,"column":2},"end":{"line":104,"column":17}},"58":{"start":{"line":108,"column":21},"end":{"line":108,"column":39}},"59":{"start":{"line":109,"column":24},"end":{"line":109,"column":44}},"60":{"start":{"line":110,"column":30},"end":{"line":112,"column":4}},"61":{"start":{"line":113,"column":19},"end":{"line":113,"column":80}},"62":{"start":{"line":114,"column":17},"end":{"line":116,"column":3}},"63":{"start":{"line":115,"column":27},"end":{"line":115,"column":63}},"64":{"start":{"line":117,"column":27},"end":{"line":117,"column":29}},"65":{"start":{"line":118,"column":2},"end":{"line":118,"column":67}},"66":{"start":{"line":118,"column":31},"end":{"line":118,"column":63}},"67":{"start":{"line":119,"column":2},"end":{"line":119,"column":78}},"68":{"start":{"line":122,"column":0},"end":{"line":131,"column":2}}},"fnMap":{"0":{"name":"getUsers","decl":{"start":{"line":4,"column":15},"end":{"line":4,"column":23}},"loc":{"start":{"line":4,"column":26},"end":{"line":7,"column":1}},"line":4},"1":{"name":"toggleUserStatus","decl":{"start":{"line":9,"column":15},"end":{"line":9,"column":31}},"loc":{"start":{"line":9,"column":49},"end":{"line":19,"column":1}},"line":9},"2":{"name":"createAgency","decl":{"start":{"line":21,"column":15},"end":{"line":21,"column":27}},"loc":{"start":{"line":21,"column":43},"end":{"line":24,"column":1}},"line":21},"3":{"name":"updateAgency","decl":{"start":{"line":26,"column":15},"end":{"line":26,"column":27}},"loc":{"start":{"line":26,"column":53},"end":{"line":40,"column":1}},"line":26},"4":{"name":"(anonymous_4)","decl":{"start":{"line":35,"column":24},"end":{"line":35,"column":25}},"loc":{"start":{"line":35,"column":29},"end":{"line":37,"column":3}},"line":35},"5":{"name":"deactivateAgency","decl":{"start":{"line":42,"column":15},"end":{"line":42,"column":31}},"loc":{"start":{"line":42,"column":51},"end":{"line":72,"column":1}},"line":42},"6":{"name":"(anonymous_6)","decl":{"start":{"line":53,"column":28},"end":{"line":53,"column":29}},"loc":{"start":{"line":53,"column":33},"end":{"line":53,"column":37}},"line":53},"7":{"name":"getAllBookings","decl":{"start":{"line":74,"column":15},"end":{"line":74,"column":29}},"loc":{"start":{"line":74,"column":32},"end":{"line":84,"column":1}},"line":74},"8":{"name":"adminCancelBooking","decl":{"start":{"line":86,"column":15},"end":{"line":86,"column":33}},"loc":{"start":{"line":86,"column":62},"end":{"line":105,"column":1}},"line":86},"9":{"name":"getDashboardData","decl":{"start":{"line":107,"column":15},"end":{"line":107,"column":31}},"loc":{"start":{"line":107,"column":34},"end":{"line":120,"column":1}},"line":107},"10":{"name":"(anonymous_10)","decl":{"start":{"line":115,"column":17},"end":{"line":115,"column":18}},"loc":{"start":{"line":115,"column":27},"end":{"line":115,"column":63}},"line":115},"11":{"name":"(anonymous_11)","decl":{"start":{"line":118,"column":19},"end":{"line":118,"column":20}},"loc":{"start":{"line":118,"column":29},"end":{"line":118,"column":65}},"line":118}},"branchMap":{"0":{"loc":{"start":{"line":11,"column":2},"end":{"line":15,"column":3}},"type":"if","locations":[{"start":{"line":11,"column":2},"end":{"line":15,"column":3}},{"start":{},"end":{}}],"line":11},"1":{"loc":{"start":{"line":28,"column":2},"end":{"line":32,"column":3}},"type":"if","locations":[{"start":{"line":28,"column":2},"end":{"line":32,"column":3}},{"start":{},"end":{}}],"line":28},"2":{"loc":{"start":{"line":36,"column":4},"end":{"line":36,"column":52}},"type":"if","locations":[{"start":{"line":36,"column":4},"end":{"line":36,"column":52}},{"start":{},"end":{}}],"line":36},"3":{"loc":{"start":{"line":44,"column":2},"end":{"line":48,"column":3}},"type":"if","locations":[{"start":{"line":44,"column":2},"end":{"line":48,"column":3}},{"start":{},"end":{}}],"line":44},"4":{"loc":{"start":{"line":88,"column":2},"end":{"line":92,"column":3}},"type":"if","locations":[{"start":{"line":88,"column":2},"end":{"line":92,"column":3}},{"start":{},"end":{}}],"line":88},"5":{"loc":{"start":{"line":95,"column":25},"end":{"line":95,"column":55}},"type":"binary-expr","locations":[{"start":{"line":95,"column":25},"end":{"line":95,"column":31}},{"start":{"line":95,"column":35},"end":{"line":95,"column":55}}],"line":95}},"s":{"0":14,"1":14,"2":0,"3":0,"4":0,"5":0,"6":0,"7":0,"8":0,"9":0,"10":0,"11":0,"12":0,"13":0,"14":0,"15":0,"16":0,"17":0,"18":0,"19":0,"20":0,"21":0,"22":0,"23":0,"24":0,"25":0,"26":0,"27":0,"28":0,"29":0,"30":0,"31":0,"32":0,"33":0,"34":0,"35":0,"36":0,"37":0,"38":0,"39":0,"40":0,"41":0,"42":0,"43":0,"44":0,"45":0,"46":0,"47":0,"48":0,"49":0,"50":0,"51":0,"52":0,"53":0,"54":0,"55":0,"56":0,"57":0,"58":0,"59":0,"60":0,"61":0,"62":0,"63":0,"64":0,"65":0,"66":0,"67":0,"68":14},"f":{"0":0,"1":0,"2":0,"3":0,"4":0,"5":0,"6":0,"7":0,"8":0,"9":0,"10":0,"11":0},"b":{"0":[0,0],"1":[0,0],"2":[0,0],"3":[0,0],"4":[0,0],"5":[0,0]},"_coverageSchema":"1a1c01bbd47fc00a2c39e90264f33305004495a9","hash":"6803354510b93914c12ac50e52a0277e8c3b9102"}
,"F:\\myproject\\backend\\src\\services\\agencyService.js": {"path":"F:\\myproject\\backend\\src\\services\\agencyService.js","statementMap":{"0":{"start":{"line":1,"column":60},"end":{"line":1,"column":80}},"1":{"start":{"line":2,"column":15},"end":{"line":2,"column":24}},"2":{"start":{"line":5,"column":17},"end":{"line":5,"column":71}},"3":{"start":{"line":6,"column":2},"end":{"line":10,"column":3}},"4":{"start":{"line":7,"column":16},"end":{"line":7,"column":45}},"5":{"start":{"line":8,"column":4},"end":{"line":8,"column":21}},"6":{"start":{"line":9,"column":4},"end":{"line":9,"column":14}},"7":{"start":{"line":11,"column":17},"end":{"line":11,"column":48}},"8":{"start":{"line":12,"column":2},"end":{"line":16,"column":3}},"9":{"start":{"line":13,"column":16},"end":{"line":13,"column":45}},"10":{"start":{"line":14,"column":4},"end":{"line":14,"column":21}},"11":{"start":{"line":15,"column":4},"end":{"line":15,"column":14}},"12":{"start":{"line":17,"column":2},"end":{"line":21,"column":3}},"13":{"start":{"line":18,"column":16},"end":{"line":18,"column":69}},"14":{"start":{"line":19,"column":4},"end":{"line":19,"column":21}},"15":{"start":{"line":20,"column":4},"end":{"line":20,"column":14}},"16":{"start":{"line":22,"column":2},"end":{"line":22,"column":30}},"17":{"start":{"line":23,"column":2},"end":{"line":23,"column":22}},"18":{"start":{"line":24,"column":2},"end":{"line":24,"column":16}},"19":{"start":{"line":28,"column":17},"end":{"line":28,"column":71}},"20":{"start":{"line":29,"column":2},"end":{"line":33,"column":3}},"21":{"start":{"line":30,"column":16},"end":{"line":30,"column":45}},"22":{"start":{"line":31,"column":4},"end":{"line":31,"column":21}},"23":{"start":{"line":32,"column":4},"end":{"line":32,"column":14}},"24":{"start":{"line":34,"column":17},"end":{"line":34,"column":87}},"25":{"start":{"line":35,"column":2},"end":{"line":39,"column":3}},"26":{"start":{"line":36,"column":16},"end":{"line":36,"column":60}},"27":{"start":{"line":37,"column":4},"end":{"line":37,"column":21}},"28":{"start":{"line":38,"column":4},"end":{"line":38,"column":14}},"29":{"start":{"line":40,"column":25},"end":{"line":42,"column":4}},"30":{"start":{"line":43,"column":2},"end":{"line":47,"column":3}},"31":{"start":{"line":44,"column":16},"end":{"line":44,"column":80}},"32":{"start":{"line":45,"column":4},"end":{"line":45,"column":21}},"33":{"start":{"line":46,"column":4},"end":{"line":46,"column":14}},"34":{"start":{"line":48,"column":2},"end":{"line":51,"column":4}},"35":{"start":{"line":52,"column":2},"end":{"line":52,"column":25}},"36":{"start":{"line":53,"column":2},"end":{"line":53,"column":22}},"37":{"start":{"line":54,"column":2},"end":{"line":54,"column":51}},"38":{"start":{"line":58,"column":17},"end":{"line":58,"column":71}},"39":{"start":{"line":59,"column":2},"end":{"line":63,"column":3}},"40":{"start":{"line":60,"column":16},"end":{"line":60,"column":45}},"41":{"start":{"line":61,"column":4},"end":{"line":61,"column":21}},"42":{"start":{"line":62,"column":4},"end":{"line":62,"column":14}},"43":{"start":{"line":64,"column":17},"end":{"line":64,"column":35}},"44":{"start":{"line":65,"column":26},"end":{"line":69,"column":4}},"45":{"start":{"line":70,"column":2},"end":{"line":70,"column":94}},"46":{"start":{"line":74,"column":17},"end":{"line":74,"column":71}},"47":{"start":{"line":75,"column":2},"end":{"line":79,"column":3}},"48":{"start":{"line":76,"column":16},"end":{"line":76,"column":45}},"49":{"start":{"line":77,"column":4},"end":{"line":77,"column":21}},"50":{"start":{"line":78,"column":4},"end":{"line":78,"column":14}},"51":{"start":{"line":80,"column":20},"end":{"line":80,"column":96}},"52":{"start":{"line":81,"column":14},"end":{"line":81,"column":38}},"53":{"start":{"line":81,"column":33},"end":{"line":81,"column":37}},"54":{"start":{"line":82,"column":16},"end":{"line":82,"column":46}},"55":{"start":{"line":83,"column":2},"end":{"line":83,"column":52}},"56":{"start":{"line":83,"column":22},"end":{"line":83,"column":52}},"57":{"start":{"line":84,"column":2},"end":{"line":86,"column":3}},"58":{"start":{"line":85,"column":4},"end":{"line":85,"column":76}},"59":{"start":{"line":87,"column":19},"end":{"line":91,"column":4}},"60":{"start":{"line":92,"column":15},"end":{"line":99,"column":5}},"61":{"start":{"line":92,"column":34},"end":{"line":99,"column":3}},"62":{"start":{"line":100,"column":2},"end":{"line":100,"column":18}},"63":{"start":{"line":103,"column":0},"end":{"line":103,"column":70}}},"fnMap":{"0":{"name":"addDriver","decl":{"start":{"line":4,"column":15},"end":{"line":4,"column":24}},"loc":{"start":{"line":4,"column":43},"end":{"line":25,"column":1}},"line":4},"1":{"name":"removeDriver","decl":{"start":{"line":27,"column":15},"end":{"line":27,"column":27}},"loc":{"start":{"line":27,"column":46},"end":{"line":55,"column":1}},"line":27},"2":{"name":"getDrivers","decl":{"start":{"line":57,"column":15},"end":{"line":57,"column":25}},"loc":{"start":{"line":57,"column":56},"end":{"line":71,"column":1}},"line":57},"3":{"name":"getBookings","decl":{"start":{"line":73,"column":15},"end":{"line":73,"column":26}},"loc":{"start":{"line":73,"column":49},"end":{"line":101,"column":1}},"line":73},"4":{"name":"(anonymous_4)","decl":{"start":{"line":81,"column":28},"end":{"line":81,"column":29}},"loc":{"start":{"line":81,"column":33},"end":{"line":81,"column":37}},"line":81},"5":{"name":"(anonymous_5)","decl":{"start":{"line":92,"column":28},"end":{"line":92,"column":29}},"loc":{"start":{"line":92,"column":34},"end":{"line":99,"column":3}},"line":92}},"branchMap":{"0":{"loc":{"start":{"line":6,"column":2},"end":{"line":10,"column":3}},"type":"if","locations":[{"start":{"line":6,"column":2},"end":{"line":10,"column":3}},{"start":{},"end":{}}],"line":6},"1":{"loc":{"start":{"line":12,"column":2},"end":{"line":16,"column":3}},"type":"if","locations":[{"start":{"line":12,"column":2},"end":{"line":16,"column":3}},{"start":{},"end":{}}],"line":12},"2":{"loc":{"start":{"line":17,"column":2},"end":{"line":21,"column":3}},"type":"if","locations":[{"start":{"line":17,"column":2},"end":{"line":21,"column":3}},{"start":{},"end":{}}],"line":17},"3":{"loc":{"start":{"line":17,"column":6},"end":{"line":17,"column":54}},"type":"binary-expr","locations":[{"start":{"line":17,"column":6},"end":{"line":17,"column":21}},{"start":{"line":17,"column":25},"end":{"line":17,"column":54}}],"line":17},"4":{"loc":{"start":{"line":29,"column":2},"end":{"line":33,"column":3}},"type":"if","locations":[{"start":{"line":29,"column":2},"end":{"line":33,"column":3}},{"start":{},"end":{}}],"line":29},"5":{"loc":{"start":{"line":35,"column":2},"end":{"line":39,"column":3}},"type":"if","locations":[{"start":{"line":35,"column":2},"end":{"line":39,"column":3}},{"start":{},"end":{}}],"line":35},"6":{"loc":{"start":{"line":43,"column":2},"end":{"line":47,"column":3}},"type":"if","locations":[{"start":{"line":43,"column":2},"end":{"line":47,"column":3}},{"start":{},"end":{}}],"line":43},"7":{"loc":{"start":{"line":57,"column":34},"end":{"line":57,"column":42}},"type":"default-arg","locations":[{"start":{"line":57,"column":41},"end":{"line":57,"column":42}}],"line":57},"8":{"loc":{"start":{"line":57,"column":44},"end":{"line":57,"column":54}},"type":"default-arg","locations":[{"start":{"line":57,"column":52},"end":{"line":57,"column":54}}],"line":57},"9":{"loc":{"start":{"line":59,"column":2},"end":{"line":63,"column":3}},"type":"if","locations":[{"start":{"line":59,"column":2},"end":{"line":63,"column":3}},{"start":{},"end":{}}],"line":59},"10":{"loc":{"start":{"line":73,"column":35},"end":{"line":73,"column":47}},"type":"default-arg","locations":[{"start":{"line":73,"column":45},"end":{"line":73,"column":47}}],"line":73},"11":{"loc":{"start":{"line":75,"column":2},"end":{"line":79,"column":3}},"type":"if","locations":[{"start":{"line":75,"column":2},"end":{"line":79,"column":3}},{"start":{},"end":{}}],"line":75},"12":{"loc":{"start":{"line":83,"column":2},"end":{"line":83,"column":52}},"type":"if","locations":[{"start":{"line":83,"column":2},"end":{"line":83,"column":52}},{"start":{},"end":{}}],"line":83},"13":{"loc":{"start":{"line":84,"column":2},"end":{"line":86,"column":3}},"type":"if","locations":[{"start":{"line":84,"column":2},"end":{"line":86,"column":3}},{"start":{},"end":{}}],"line":84},"14":{"loc":{"start":{"line":84,"column":6},"end":{"line":84,"column":40}},"type":"binary-expr","locations":[{"start":{"line":84,"column":6},"end":{"line":84,"column":22}},{"start":{"line":84,"column":26},"end":{"line":84,"column":40}}],"line":84},"15":{"loc":{"start":{"line":94,"column":18},"end":{"line":94,"column":45}},"type":"cond-expr","locations":[{"start":{"line":94,"column":27},"end":{"line":94,"column":38}},{"start":{"line":94,"column":41},"end":{"line":94,"column":45}}],"line":94},"16":{"loc":{"start":{"line":95,"column":11},"end":{"line":95,"column":72}},"type":"cond-expr","locations":[{"start":{"line":95,"column":21},"end":{"line":95,"column":65}},{"start":{"line":95,"column":68},"end":{"line":95,"column":72}}],"line":95},"17":{"loc":{"start":{"line":96,"column":16},"end":{"line":96,"column":47}},"type":"cond-expr","locations":[{"start":{"line":96,"column":27},"end":{"line":96,"column":40}},{"start":{"line":96,"column":43},"end":{"line":96,"column":47}}],"line":96},"18":{"loc":{"start":{"line":98,"column":10},"end":{"line":98,"column":39}},"type":"cond-expr","locations":[{"start":{"line":98,"column":20},"end":{"line":98,"column":32}},{"start":{"line":98,"column":35},"end":{"line":98,"column":39}}],"line":98}},"s":{"0":14,"1":14,"2":0,"3":0,"4":0,"5":0,"6":0,"7":0,"8":0,"9":0,"10":0,"11":0,"12":0,"13":0,"14":0,"15":0,"16":0,"17":0,"18":0,"19":0,"20":0,"21":0,"22":0,"23":0,"24":0,"25":0,"26":0,"27":0,"28":0,"29":0,"30":0,"31":0,"32":0,"33":0,"34":0,"35":0,"36":0,"37":0,"38":0,"39":0,"40":0,"41":0,"42":0,"43":0,"44":0,"45":0,"46":0,"47":0,"48":0,"49":0,"50":0,"51":0,"52":0,"53":0,"54":0,"55":0,"56":0,"57":0,"58":0,"59":0,"60":0,"61":0,"62":0,"63":14},"f":{"0":0,"1":0,"2":0,"3":0,"4":0,"5":0},"b":{"0":[0,0],"1":[0,0],"2":[0,0],"3":[0,0],"4":[0,0],"5":[0,0],"6":[0,0],"7":[0],"8":[0],"9":[0,0],"10":[0],"11":[0,0],"12":[0,0],"13":[0,0],"14":[0,0],"15":[0,0],"16":[0,0],"17":[0,0],"18":[0,0]},"_coverageSchema":"1a1c01bbd47fc00a2c39e90264f33305004495a9","hash":"a2f92dd738968be9355a4fdac31c0
[...]
,"F:\\myproject\\backend\\src\\services\\userService.js": {"path":"F:\\myproject\\backend\\src\\services\\userService.js","statementMap":{"0":{"start":{"line":1,"column":17},"end":{"line":1,"column":37}},"1":{"start":{"line":4,"column":15},"end":{"line":6,"column":4}},"2":{"start":{"line":7,"column":2},"end":{"line":11,"column":3}},"3":{"start":{"line":8,"column":16},"end":{"line":8,"column":43}},"4":{"start":{"line":9,"column":4},"end":{"line":9,"column":21}},"5":{"start":{"line":10,"column":4},"end":{"line":10,"column":14}},"6":{"start":{"line":12,"column":2},"end":{"line":12,"column":14}},"7":{"start":{"line":16,"column":15},"end":{"line":16,"column":42}},"8":{"start":{"line":17,"column":2},"end":{"line":21,"column":3}},"9":{"start":{"line":18,"column":16},"end":{"line":18,"column":43}},"10":{"start":{"line":19,"column":4},"end":{"line":19,"column":21}},"11":{"start":{"line":20,"column":4},"end":{"line":20,"column":14}},"12":{"start":{"line":22,"column":2},"end":{"line":26,"column":3}},"13":{"start":{"line":23,"column":16},"end":{"line":23,"column":71}},"14":{"start":{"line":24,"column":4},"end":{"line":24,"column":21}},"15":{"start":{"line":25,"column":4},"end":{"line":25,"column":14}},"16":{"start":{"line":27,"column":24},"end":{"line":27,"column":41}},"17":{"start":{"line":28,"column":18},"end":{"line":28,"column":20}},"18":{"start":{"line":29,"column":2},"end":{"line":31,"column":5}},"19":{"start":{"line":30,"column":4},"end":{"line":30,"column":64}},"20":{"start":{"line":30,"column":35},"end":{"line":30,"column":64}},"21":{"start":{"line":32,"column":2},"end":{"line":32,"column":29}},"22":{"start":{"line":33,"column":47},"end":{"line":33,"column":60}},"23":{"start":{"line":34,"column":2},"end":{"line":34,"column":29}},"24":{"start":{"line":37,"column":0},"end":{"line":37,"column":47}}},"fnMap":{"0":{"name":"getProfile","decl":{"start":{"line":3,"column":15},"end":{"line":3,"column":25}},"loc":{"start":{"line":3,"column":34},"end":{"line":13,"column":1}},"line":3},"1":{"name":"updateProfile","decl":{"start":{"line":15,"column":15},"end":{"line":15,"column":28}},"loc":{"start":{"line":15,"column":43},"end":{"line":35,"column":1}},"line":15},"2":{"name":"(anonymous_2)","decl":{"start":{"line":29,"column":24},"end":{"line":29,"column":25}},"loc":{"start":{"line":29,"column":33},"end":{"line":31,"column":3}},"line":29}},"branchMap":{"0":{"loc":{"start":{"line":7,"column":2},"end":{"line":11,"column":3}},"type":"if","locations":[{"start":{"line":7,"column":2},"end":{"line":11,"column":3}},{"start":{},"end":{}}],"line":7},"1":{"loc":{"start":{"line":17,"column":2},"end":{"line":21,"column":3}},"type":"if","locations":[{"start":{"line":17,"column":2},"end":{"line":21,"column":3}},{"start":{},"end":{}}],"line":17},"2":{"loc":{"start":{"line":22,"column":2},"end":{"line":26,"column":3}},"type":"if","locations":[{"start":{"line":22,"column":2},"end":{"line":26,"column":3}},{"start":{},"end":{}}],"line":22},"3":{"loc":{"start":{"line":22,"column":6},"end":{"line":22,"column":45}},"type":"binary-expr","locations":[{"start":{"line":22,"column":6},"end":{"line":22,"column":16}},{"start":{"line":22,"column":20},"end":{"line":22,"column":45}}],"line":22},"4":{"loc":{"start":{"line":30,"column":4},"end":{"line":30,"column":64}},"type":"if","locations":[{"start":{"line":30,"column":4},"end":{"line":30,"column":64}},{"start":{},"end":{}}],"line":30}},"s":{"0":14,"1":0,"2":0,"3":0,"4":0,"5":0,"6":0,"7":0,"8":0,"9":0,"10":0,"11":0,"12":0,"13":0,"14":0,"15":0,"16":0,"17":0,"18":0,"19":0,"20":0,"21":0,"22":0,"23":0,"24":14},"f":{"0":0,"1":0,"2":0},"b":{"0":[0,0],"1":[0,0],"2":[0,0],"3":[0,0],"4":[0,0]},"_coverageSchema":"1a1c01bbd47fc00a2c39e90264f33305004495a9","hash":"db57b454f45e2862118006ced680035019098e2d"}
,"F:\\myproject\\backend\\src\\utils\\jwt.js": {"path":"F:\\myproject\\backend\\src\\utils\\jwt.js","statementMap":{"0":{"start":{"line":1,"column":12},"end":{"line":1,"column":35}},"1":{"start":{"line":3,"column":19},"end":{"line":3,"column":75}},"2":{"start":{"line":4,"column":19},"end":{"line":4,"column":49}},"3":{"start":{"line":7,"column":2},"end":{"line":9,"column":5}},"4":{"start":{"line":13,"column":2},"end":{"line":20,"column":3}},"5":{"start":{"line":14,"column":4},"end":{"line":14,"column":41}},"6":{"start":{"line":16,"column":4},"end":{"line":18,"column":5}},"7":{"start":{"line":17,"column":6},"end":{"line":17,"column":39}},"8":{"start":{"line":19,"column":4},"end":{"line":19,"column":37}},"9":{"start":{"line":23,"column":0},"end":{"line":23,"column":48}}},"fnMap":{"0":{"name":"generateToken","decl":{"start":{"line":6,"column":9},"end":{"line":6,"column":22}},"loc":{"start":{"line":6,"column":38},"end":{"line":10,"column":1}},"line":6},"1":{"name":"verifyToken","decl":{"start":{"line":12,"column":9},"end":{"line":12,"column":20}},"loc":{"start":{"line":12,"column":28},"end":{"line":21,"column":1}},"line":12}},"branchMap":{"0":{"loc":{"start":{"line":3,"column":19},"end":{"line":3,"column":75}},"type":"binary-expr","locations":[{"start":{"line":3,"column":19},"end":{"line":3,"column":41}},{"start":{"line":3,"column":45},"end":{"line":3,"column":75}}],"line":3},"1":{"loc":{"start":{"line":4,"column":19},"end":{"line":4,"column":49}},"type":"binary-expr","locations":[{"start":{"line":4,"column":19},"end":{"line":4,"column":41}},{"start":{"line":4,"column":45},"end":{"line":4,"column":49}}],"line":4},"2":{"loc":{"start":{"line":8,"column":15},"end":{"line":8,"column":76}},"type":"cond-expr","locations":[{"start":{"line":8,"column":46},"end":{"line":8,"column":63}},{"start":{"line":8,"column":66},"end":{"line":8,"column":76}}],"line":8},"3":{"loc":{"start":{"line":8,"column":15},"end":{"line":8,"column":43}},"type":"binary-expr","locations":[{"start":{"line":8,"column":15},"end":{"line":8,"column":22}},{"start":{"line":8,"column":26},"end":{"line":8,"column":43}}],"line":8},"4":{"loc":{"start":{"line":16,"column":4},"end":{"line":18,"column":5}},"type":"if","locations":[{"start":{"line":16,"column":4},"end":{"line":18,"column":5}},{"start":{},"end":{}}],"line":16}},"s":{"0":22,"1":22,"2":22,"3":3,"4":63,"5":63,"6":5,"7":2,"8":3,"9":22},"f":{"0":3,"1":63},"b":{"0":[22,22],"1":[22,22],"2":[1,2],"3":[3,1],"4":[2,3]},"_coverageSchema":"1a1c01bbd47fc00a2c39e90264f33305004495a9","hash":"e20b0eac2c4deb7a34fcc99141feaa0fb027ebb6"}
,"F:\\myproject\\backend\\src\\validations\\authValidation.js": {"path":"F:\\myproject\\backend\\src\\validations\\authValidation.js","statementMap":{"0":{"start":{"line":2,"column":17},"end":{"line":2,"column":19}},"1":{"start":{"line":4,"column":2},"end":{"line":6,"column":3}},"2":{"start":{"line":5,"column":4},"end":{"line":5,"column":42}},"3":{"start":{"line":8,"column":2},"end":{"line":12,"column":3}},"4":{"start":{"line":9,"column":4},"end":{"line":9,"column":43}},"5":{"start":{"line":10,"column":9},"end":{"line":12,"column":3}},"6":{"start":{"line":11,"column":4},"end":{"line":11,"column":40}},"7":{"start":{"line":14,"column":2},"end":{"line":29,"column":3}},"8":{"start":{"line":15,"column":4},"end":{"line":15,"column":46}},"9":{"start":{"line":17,"column":4},"end":{"line":19,"column":5}},"10":{"start":{"line":18,"column":6},"end":{"line":18,"column":60}},"11":{"start":{"line":20,"column":4},"end":{"line":22,"column":5}},"12":{"start":{"line":21,"column":6},"end":{"line":21,"column":73}},"13":{"start":{"line":23,"column":4},"end":{"line":25,"column":5}},"14":{"start":{"line":24,"column":6},"end":{"line":24,"column":73}},"15":{"start":{"line":26,"column":4},"end":{"line":28,"column":5}},"16":{"start":{"line":27,"column":6},"end":{"line":27,"column":62}},"17":{"start":{"line":31,"column":2},"end":{"line":35,"column":3}},"18":{"start":{"line":32,"column":4},"end":{"line":32,"column":43}},"19":{"start":{"line":33,"column":9},"end":{"line":35,"column":3}},"20":{"start":{"line":34,"column":4},"end":{"line":34,"column":53}},"21":{"start":{"line":37,"column":2},"end":{"line":37,"column":110}},"22":{"start":{"line":37,"column":66},"end":{"line":37,"column":80}},"23":{"start":{"line":41,"column":17},"end":{"line":41,"column":19}},"24":{"start":{"line":43,"column":2},"end":{"line":45,"column":3}},"25":{"start":{"line":44,"column":4},"end":{"line":44,"column":43}},"26":{"start":{"line":47,"column":2},"end":{"line":49,"column":3}},"27":{"start":{"line":48,"column":4},"end":{"line":48,"column":46}},"28":{"start":{"line":51,"column":2},"end":{"line":51,"column":110}},"29":{"start":{"line":51,"column":66},"end":{"line":51,"column":80}},"30":{"start":{"line":54,"column":0},"end":{"line":54,"column":53}}},"fnMap":{"0":{"name":"validateRegister","decl":{"start":{"line":1,"column":9},"end":{"line":1,"column":25}},"loc":{"start":{"line":1,"column":32},"end":{"line":38,"column":1}},"line":1},"1":{"name":"(anonymous_1)","decl":{"start":{"line":37,"column":60},"end":{"line":37,"column":61}},"loc":{"start":{"line":37,"column":66},"end":{"line":37,"column":80}},"line":37},"2":{"name":"validateLogin","decl":{"start":{"line":40,"column":9},"end":{"line":40,"column":22}},"loc":{"start":{"line":40,"column":29},"end":{"line":52,"column":1}},"line":40},"3":{"name":"(anonymous_3)","decl":{"start":{"line":51,"column":60},"end":{"line":51,"column":61}},"loc":{"start":{"line":51,"column":66},"end":{"line":51,"column":80}},"line":51}},"branchMap":{"0":{"loc":{"start":{"line":4,"column":2},"end":{"line":6,"column":3}},"type":"if","locations":[{"start":{"line":4,"column":2},"end":{"line":6,"column":3}},{"start":{},"end":{}}],"line":4},"1":{"loc":{"start":{"line":4,"column":6},"end":{"line":4,"column":37}},"type":"binary-expr","locations":[{"start":{"line":4,"column":6},"end":{"line":4,"column":16}},{"start":{"line":4,"column":20},"end":{"line":4,"column":37}}],"line":4},"2":{"loc":{"start":{"line":8,"column":2},"end":{"line":12,"column":3}},"type":"if","locations":[{"start":{"line":8,"column":2},"end":{"line":12,"column":3}},{"start":{"line":10,"column":9},"end":{"line":12,"column":3}}],"line":8},"3":{"loc":{"start":{"line":8,"column":6},"end":{"line":8,"column":39}},"type":"binary-expr","locations":[{"start":{"line":8,"column":6},"end":{"line":8,"column":17}},{"start":{"line":8,"column":21},"end":{"line":8,"column":39}}],"line":8},"4":{"loc":{"start":{"line":10,"column":9},"end":{"line":12,"column":3}},"type":"if","locations":[{"start":{"line":10,"column":9},"end":{"line":12,"column":3}},{"start":{},"end":{}}],"line":10},"5":{"loc":{"start":{"line":14,"column":2},"end":{"line":29,"column":3}},"type":"if","locations":[{"start":{"line":14,"column":2},"end":{"line":29,"column":3}},{"start":{"line":16,"column":9},"end":{"line":29,"column":3}}],"line":14},"6":{"loc":{"start":{"line":17,"column":4},"end":{"line":19,"column":5}},"type":"if","locations":[{"start":{"line":17,"column":4},"end":{"line":19,"column":5}},{"start":{},"end":{}}],"line":17},"7":{"loc":{"start":{"line":20,"column":4},"end":{"line":22,"column":5}},"type":"if","locations":[{"start":{"line":20,"column":4},"end":{"line":22,"column":5}},{"start":{},"end":{}}],"line":20},"8":{"loc":{"start":{"line":23,"column":4},"end":{"line":25,"column":5}},"type":"if","locations":[{"start":{"line":23,"column":4},"end":{"line":25,"column":5}},{"start":{},"end":{}}],"line":23},"9":{"loc":{"start":{"line":26,"column":4},"end":{"line":28,"column":5}},"type":"if","locations":[{"start":{"line":26,"column":4},"end":{"line":28,"column":5}},{"start":{},"end":{}}],"line":26},"10":{"loc":{"start":{"line":31,"column":2},"end":{"line":35,"column":3}},"type":"if","locations":[{"start":{"line":31,"column":2},"end":{"line":35,"column":3}},{"start":{"line":33,"column":9},"end":{"line":35,"column":3}}],"line":31},"11":{"loc":{"start":{"line":31,"column":6},"end":{"line":31,"column":39}},"type":"binary-expr","locations":[{"start":{"line":31,"column":6},"end":{"line":31,"column":17}},{"start":{"line":31,"column":21},"end":{"line":31,"column":39}}],"line":31},"12":{"loc":{"start":{"line":33,"column":9},"end":{"line":35,"column":3}},"type":"if","locations":[{"start":{"line":33,"column":9},"end":{"line":35,"column":3}},{"start":{},"end":{}}],"line":33},"13":{"loc":{"start":{"line":37,"column":9},"end":{"line":37,"column":109}},"type":"cond-expr","locations":[{"start":{"line":37,"column":29},"end":{"line":37,"column":86}},{"start":{"line":37,"column":89},"end":{"line":37,"column":109}}],"line":37},"14":{"loc":{"start":{"line":43,"column":2},"end":{"line":45,"column":3}},"type":"if","locations":[{"start":{"line":43,"column":2},"end":{"line":45,"column":3}},{"start":{},"end":{}}],"line":43},"15":{"loc":{"start":{"line":43,"column":6},"end":{"line":43,"column":39}},"type":"binary-expr","locations":[{"start":{"line":43,"column":6},"end":{"line":43,"column":17}},{"start":{"line":43,"column":21},"end":{"line":43,"column":39}}],"line":43},"16":{"loc":{"start":{"line":47,"column":2},"end":{"line":49,"column":3}},"type":"if","locations":[{"start":{"line":47,"column":2},"end":{"line":49,"column":3}},{"start":{},"end":{}}],"line":47},"17":{"loc":{"start":{"line":51,"column":9},"end":{"line":51,"column":109}},"type":"cond-expr","locations":[{"start":{"line":51,"column":29},"end":{"line":51,"column":86}},{"start":{"line":51,"column":89},"end":{"line":51,"column":109}}],"line":51}},"s":{"0":14,"1":14,"2":1,"3":14,"4":2,"5":12,"6":1,"7":14,"8":0,"9":14,"10":1,"11":14,"12":1,"13":14,"14":1,"15":14,"16":1,"17":14,"18":0,"19":14,"20":1,"21":14,"22":9,"23":10,"24":10,"25":2,"26":10,"27":2,"28":10,"29":4,"30":15},"f":{"0":14,"1":9,"2":10,"3":4},"b":{"0":[1,13],"1":[14,13],"2":[2,12],"3":[14,12],"4":[1,11],"5":[0,14],"6":[1,13],"7":[1,13],"8":[1,13],"9":[1,13],"10":[0,14],"11":[14,14],"12":[1,13],"13":[9,5],"14":[2,8],"15":[10,8],"16":[2,8],"17":[3,7]},"_coverageSchema":"1a1c01bbd47fc00a2c39e90264f33305004495a9","hash":"943fce6ac65c5293affd305dde17c7d4b9f4ac22"}
,"F:\\myproject\\backend\\src\\validations\\bookingValidation.js": {"path":"F:\\myproject\\backend\\src\\validations\\bookingValidation.js","statementMap":{"0":{"start":{"line":2,"column":17},"end":{"line":2,"column":19}},"1":{"start":{"line":4,"column":2},"end":{"line":4,"column":62}},"2":{"start":{"line":4,"column":21},"end":{"line":4,"column":62}},"3":{"start":{"line":5,"column":2},"end":{"line":5,"column":64}},"4":{"start":{"line":5,"column":22},"end":{"line":5,"column":64}},"5":{"start":{"line":7,"column":2},"end":{"line":11,"column":3}},"6":{"start":{"line":8,"column":4},"end":{"line":8,"column":47}},"7":{"start":{"line":9,"column":9},"end":{"line":11,"column":3}},"8":{"start":{"line":10,"column":4},"end":{"line":10,"column":49}},"9":{"start":{"line":13,"column":2},"end":{"line":30,"column":3}},"10":{"start":{"line":14,"column":4},"end":{"line":14,"column":48}},"11":{"start":{"line":16,"column":17},"end":{"line":16,"column":42}},"12":{"start":{"line":17,"column":18},"end":{"line":17,"column":28}},"13":{"start":{"line":18,"column":4},"end":{"line":18,"column":31}},"14":{"start":{"line":19,"column":4},"end":{"line":29,"column":5}},"15":{"start":{"line":20,"column":6},"end":{"line":20,"column":47}},"16":{"start":{"line":21,"column":11},"end":{"line":29,"column":5}},"17":{"start":{"line":22,"column":6},"end":{"line":22,"column":55}},"18":{"start":{"line":24,"column":31},"end":{"line":24,"column":46}},"19":{"start":{"line":25,"column":6},"end":{"line":25,"column":65}},"20":{"start":{"line":26,"column":6},"end":{"line":28,"column":7}},"21":{"start":{"line":27,"column":8},"end":{"line":27,"column":78}},"22":{"start":{"line":32,"column":2},"end":{"line":32,"column":110}},"23":{"start":{"line":32,"column":66},"end":{"line":32,"column":80}},"24":{"start":{"line":35,"column":0},"end":{"line":35,"column":43}}},"fnMap":{"0":{"name":"validateCreateBooking","decl":{"start":{"line":1,"column":9},"end":{"line":1,"column":30}},"loc":{"start":{"line":1,"column":37},"end":{"line":33,"column":1}},"line":1},"1":{"name":"(anonymous_1)","decl":{"start":{"line":32,"column":60},"end":{"line":32,"column":61}},"loc":{"start":{"line":32,"column":66},"end":{"line":32,"column":80}},"line":32}},"branchMap":{"0":{"loc":{"start":{"line":4,"column":2},"end":{"line":4,"column":62}},"type":"if","locations":[{"start":{"line":4,"column":2},"end":{"line":4,"column":62}},{"start":{},"end":{}}],"line":4},"1":{"loc":{"start":{"line":5,"column":2},"end":{"line":5,"column":64}},"type":"if","locations":[{"start":{"line":5,"column":2},"end":{"line":5,"column":64}},{"start":{},"end":{}}],"line":5},"2":{"loc":{"start":{"line":7,"column":2},"end":{"line":11,"column":3}},"type":"if","locations":[{"start":{"line":7,"column":2},"end":{"line":11,"column":3}},{"start":{"line":9,"column":9},"end":{"line":11,"column":3}}],"line":7},"3":{"loc":{"start":{"line":7,"column":6},"end":{"line":7,"column":61}},"type":"binary-expr","locations":[{"start":{"line":7,"column":6},"end":{"line":7,"column":34}},{"start":{"line":7,"column":38},"end":{"line":7,"column":61}}],"line":7},"4":{"loc":{"start":{"line":9,"column":9},"end":{"line":11,"column":3}},"type":"if","locations":[{"start":{"line":9,"column":9},"end":{"line":11,"column":3}},{"start":{},"end":{}}],"line":9},"5":{"loc":{"start":{"line":9,"column":13},"end":{"line":9,"column":68}},"type":"binary-expr","locations":[{"start":{"line":9,"column":13},"end":{"line":9,"column":46}},{"start":{"line":9,"column":50},"end":{"line":9,"column":68}}],"line":9},"6":{"loc":{"start":{"line":13,"column":2},"end":{"line":30,"column":3}},"type":"if","locations":[{"start":{"line":13,"column":2},"end":{"line":30,"column":3}},{"start":{"line":15,"column":9},"end":{"line":30,"column":3}}],"line":13},"7":{"loc":{"start":{"line":19,"column":4},"end":{"line":29,"column":5}},"type":"if","locations":[{"start":{"line":19,"column":4},"end":{"line":29,"column":5}},{"start":{"line":21,"column":11},"end":{"line":29,"column":5}}],"line":19},"8":{"loc":{"start":{"line":21,"column":11},"end":{"line":29,"column":5}},"type":"if","locations":[{"start":{"line":21,"column":11},"end":{"line":29,"column":5}},{"start":{"line":23,"column":11},"end":{"line":29,"column":5}}],"line":21},"9":{"loc":{"start":{"line":26,"column":6},"end":{"line":28,"column":7}},"type":"if","locations":[{"start":{"line":26,"column":6},"end":{"line":28,"column":7}},{"start":{},"end":{}}],"line":26},"10":{"loc":{"start":{"line":32,"column":9},"end":{"line":32,"column":109}},"type":"cond-expr","locations":[{"start":{"line":32,"column":29},"end":{"line":32,"column":86}},{"start":{"line":32,"column":89},"end":{"line":32,"column":109}}],"line":32}},"s":{"0":8,"1":8,"2":0,"3":8,"4":0,"5":8,"6":0,"7":8,"8":0,"9":8,"10":0,"11":8,"12":8,"13":8,"14":8,"15":0,"16":8,"17":1,"18":7,"19":7,"20":7,"21":0,"22":8,"23":1,"24":14},"f":{"0":8,"1":1},"b":{"0":[0,8],"1":[0,8],"2":[0,8],"3":[8,8],"4":[0,8],"5":[8,8],"6":[0,8],"7":[0,8],"8":[1,7],"9":[0,7],"10":[1,7]},"_coverageSchema":"1a1c01bbd47fc00a2c39e90264f33305004495a9","hash":"a7c741f7102a72275ce9381afe8e2c84e2994b4b"}
}
