TN:
SF:src\app.js
FN:22,(anonymous_0)
FN:35,(anonymous_1)
FNF:2
FNH:2
FNDA:3,(anonymous_0)
FNDA:1,(anonymous_1)
DA:1,14
DA:2,14
DA:3,14
DA:4,14
DA:5,14
DA:7,14
DA:8,14
DA:9,14
DA:10,14
DA:11,14
DA:12,14
DA:13,14
DA:14,14
DA:16,14
DA:18,14
DA:19,14
DA:20,14
DA:22,14
DA:23,3
DA:26,14
DA:27,14
DA:28,14
DA:29,14
DA:30,14
DA:31,14
DA:32,14
DA:33,14
DA:35,14
DA:36,1
DA:39,14
DA:41,14
LF:31
LH:31
BRF:0
BRH:0
end_of_record
TN:
SF:src\config\database.js
FNF:0
FNH:0
DA:1,35
LF:1
LH:1
BRDA:2,0,0,35
BRDA:2,0,1,35
BRDA:3,1,0,35
BRDA:3,1,1,35
BRDA:4,2,0,35
BRDA:4,2,1,35
BRDA:5,3,0,35
BRDA:5,3,1,35
BRDA:7,4,0,0
BRDA:7,4,1,35
BRF:10
BRH:9
end_of_record
TN:
SF:src\controllers\adminController.js
FN:3,getUsers
FN:12,toggleUserStatus
FN:22,createAgency
FN:31,updateAgency
FN:41,deactivateAgency
FN:51,getAllBookings
FN:60,cancelBooking
FNF:7
FNH:6
FNDA:3,getUsers
FNDA:2,toggleUserStatus
FNDA:2,createAgency
FNDA:0,updateAgency
FNDA:2,deactivateAgency
FNDA:2,getAllBookings
FNDA:1,cancelBooking
DA:1,14
DA:4,3
DA:5,3
DA:6,3
DA:8,0
DA:13,2
DA:14,2
DA:15,2
DA:17,0
DA:18,0
DA:23,2
DA:24,2
DA:25,2
DA:27,0
DA:32,0
DA:33,0
DA:34,0
DA:36,0
DA:37,0
DA:42,2
DA:43,2
DA:44,2
DA:46,0
DA:47,0
DA:52,2
DA:53,2
DA:54,2
DA:56,0
DA:61,1
DA:62,1
DA:63,1
DA:65,0
DA:66,0
DA:70,14
LF:34
LH:20
BRDA:17,0,0,0
BRDA:17,0,1,0
BRDA:36,1,0,0
BRDA:36,1,1,0
BRDA:46,2,0,0
BRDA:46,2,1,0
BRDA:65,3,0,0
BRDA:65,3,1,0
BRF:8
BRH:0
end_of_record
TN:
SF:src\controllers\agencyController.js
FN:3,addDriver
FN:15,removeDriver
FN:27,getDrivers
FN:39,getBookings
FNF:4
FNH:4
FNDA:2,addDriver
FNDA:2,removeDriver
FNDA:1,getDrivers
FNDA:3,getBookings
DA:1,14
DA:4,2
DA:5,2
DA:6,2
DA:8,0
DA:9,0
DA:11,0
DA:16,2
DA:17,2
DA:18,2
DA:20,0
DA:21,0
DA:23,0
DA:28,1
DA:29,1
DA:30,1
DA:31,1
DA:32,1
DA:34,0
DA:35,0
DA:40,3
DA:41,3
DA:42,3
DA:44,0
DA:48,14
LF:25
LH:16
BRDA:8,0,0,0
BRDA:8,0,1,0
BRDA:8,1,0,0
BRDA:8,1,1,0
BRDA:20,2,0,0
BRDA:20,2,1,0
BRDA:20,3,0,0
BRDA:20,3,1,0
BRDA:29,4,0,1
BRDA:29,4,1,1
BRDA:30,5,0,1
BRDA:30,5,1,1
BRDA:34,6,0,0
BRDA:34,6,1,0
BRF:14
BRH:4
end_of_record
TN:
SF:src\controllers\authController.js
FN:4,register
FN:10,(anonymous_1)
FN:23,login
FN:29,(anonymous_3)
FNF:4
FNH:4
FNDA:5,register
FNDA:1,(anonymous_1)
FNDA:7,login
FNDA:2,(anonymous_3)
DA:1,14
DA:2,14
DA:5,5
DA:6,5
DA:7,5
DA:8,1
DA:10,1
DA:13,4
DA:14,3
DA:16,1
DA:17,1
DA:19,0
DA:24,7
DA:25,7
DA:26,7
DA:27,1
DA:29,2
DA:32,6
DA:33,2
DA:35,4
DA:36,4
DA:38,0
DA:42,14
LF:23
LH:21
BRDA:7,0,0,1
BRDA:7,0,1,4
BRDA:16,1,0,1
BRDA:16,1,1,0
BRDA:26,2,0,1
BRDA:26,2,1,6
BRDA:35,3,0,4
BRDA:35,3,1,0
BRDA:35,4,0,4
BRDA:35,4,1,2
BRDA:35,4,2,1
BRF:11
BRH:9
end_of_record
TN:
SF:src\controllers\bookingController.js
FN:4,create
FN:10,(anonymous_1)
FN:23,list
FN:34,getById
FN:46,cancel
FN:58,getStatus
FN:70,getStatusHistory
FNF:7
FNH:4
FNDA:8,create
FNDA:1,(anonymous_1)
FNDA:4,list
FNDA:0,getById
FNDA:2,cancel
FNDA:0,getStatus
FNDA:0,getStatusHistory
DA:1,14
DA:2,14
DA:5,8
DA:6,8
DA:7,8
DA:8,1
DA:10,1
DA:13,7
DA:14,4
DA:16,3
DA:17,3
DA:19,0
DA:24,4
DA:25,4
DA:26,4
DA:27,4
DA:28,4
DA:30,0
DA:35,0
DA:36,0
DA:37,0
DA:39,0
DA:40,0
DA:42,0
DA:47,2
DA:48,2
DA:49,2
DA:51,0
DA:52,0
DA:54,0
DA:59,0
DA:60,0
DA:61,0
DA:63,0
DA:64,0
DA:66,0
DA:71,0
DA:72,0
DA:73,0
DA:75,0
DA:79,14
LF:41
LH:20
BRDA:7,0,0,1
BRDA:7,0,1,7
BRDA:16,1,0,3
BRDA:16,1,1,0
BRDA:16,2,0,3
BRDA:16,2,1,1
BRDA:16,2,2,1
BRDA:25,3,0,4
BRDA:25,3,1,4
BRDA:26,4,0,4
BRDA:26,4,1,4
BRDA:39,5,0,0
BRDA:39,5,1,0
BRDA:51,6,0,0
BRDA:51,6,1,0
BRDA:51,7,0,0
BRDA:51,7,1,0
BRDA:63,8,0,0
BRDA:63,8,1,0
BRF:19
BRH:10
end_of_record
TN:
SF:src\controllers\dashboardController.js
FN:4,getUserDashboard
FN:24,getDriverDashboard
FN:45,getAdminDashboard
FN:54,(anonymous_3)
FN:57,(anonymous_4)
FNF:5
FNH:5
FNDA:1,getUserDashboard
FNDA:1,getDriverDashboard
FNDA:1,getAdminDashboard
FNDA:5,(anonymous_3)
FNDA:5,(anonymous_4)
DA:1,14
DA:2,14
DA:5,1
DA:6,1
DA:7,1
DA:10,1
DA:11,1
DA:12,1
DA:13,1
DA:14,1
DA:18,1
DA:20,0
DA:25,1
DA:26,1
DA:27,1
DA:28,0
DA:30,1
DA:33,1
DA:36,1
DA:39,1
DA:41,0
DA:46,1
DA:47,1
DA:48,1
DA:49,1
DA:52,1
DA:53,1
DA:54,5
DA:56,1
DA:57,5
DA:58,1
DA:60,0
DA:64,14
LF:33
LH:29
BRDA:27,0,0,0
BRDA:27,0,1,1
BRF:2
BRH:1
end_of_record
TN:
SF:src\controllers\driverController.js
FN:3,createProfile
FN:16,updateProfile
FN:25,createRoute
FN:35,setRouteAvailability
FN:45,acceptBooking
FN:57,rejectBooking
FN:69,updateTripStatus
FN:81,setAvailability
FNF:8
FNH:8
FNDA:2,createProfile
FNDA:1,updateProfile
FNDA:2,createRoute
FNDA:1,setRouteAvailability
FNDA:2,acceptBooking
FNDA:1,rejectBooking
FNDA:2,updateTripStatus
FNDA:2,setAvailability
DA:1,14
DA:4,2
DA:5,2
DA:6,0
DA:8,2
DA:9,2
DA:11,0
DA:12,0
DA:17,1
DA:18,1
DA:19,1
DA:21,0
DA:26,2
DA:27,2
DA:28,2
DA:30,0
DA:31,0
DA:36,1
DA:37,1
DA:38,1
DA:40,0
DA:41,0
DA:46,2
DA:47,2
DA:48,2
DA:50,0
DA:51,0
DA:53,0
DA:58,1
DA:59,1
DA:60,1
DA:62,0
DA:63,0
DA:65,0
DA:70,2
DA:71,2
DA:72,2
DA:74,0
DA:75,0
DA:77,0
DA:82,2
DA:83,2
DA:84,2
DA:86,0
DA:90,14
LF:45
LH:27
BRDA:5,0,0,0
BRDA:5,0,1,2
BRDA:11,1,0,0
BRDA:11,1,1,0
BRDA:30,2,0,0
BRDA:30,2,1,0
BRDA:40,3,0,0
BRDA:40,3,1,0
BRDA:50,4,0,0
BRDA:50,4,1,0
BRDA:50,5,0,0
BRDA:50,5,1,0
BRDA:50,5,2,0
BRDA:62,6,0,0
BRDA:62,6,1,0
BRDA:62,7,0,0
BRDA:62,7,1,0
BRDA:62,7,2,0
BRDA:74,8,0,0
BRDA:74,8,1,0
BRDA:74,9,0,0
BRDA:74,9,1,0
BRDA:74,9,2,0
BRF:23
BRH:1
end_of_record
TN:
SF:src\controllers\searchController.js
FN:3,search
FNF:1
FNH:1
FNDA:5,search
DA:1,14
DA:4,5
DA:5,5
DA:6,5
DA:7,5
DA:9,0
DA:13,14
LF:7
LH:6
BRF:0
BRH:0
end_of_record
TN:
SF:src\controllers\userController.js
FN:3,getProfile
FN:12,updateProfile
FNF:2
FNH:1
FNDA:2,getProfile
FNDA:0,updateProfile
DA:1,14
DA:4,2
DA:5,2
DA:6,2
DA:8,0
DA:13,0
DA:14,0
DA:15,0
DA:16,0
DA:18,0
DA:19,0
DA:21,0
DA:22,0
DA:24,0
DA:28,14
LF:15
LH:5
BRDA:15,0,0,0
BRDA:15,0,1,0
BRDA:15,1,0,0
BRDA:15,1,1,0
BRDA:21,2,0,0
BRDA:21,2,1,0
BRF:6
BRH:0
end_of_record
TN:
SF:src\middleware\auth.js
FN:3,authenticate
FNF:1
FNH:1
FNDA:62,authenticate
DA:1,14
DA:4,62
DA:5,62
DA:6,3
DA:8,59
DA:9,59
DA:10,59
DA:11,57
DA:12,57
DA:14,2
DA:18,14
LF:11
LH:11
BRDA:5,0,0,3
BRDA:5,0,1,59
BRDA:5,1,0,62
BRDA:5,1,1,59
BRF:4
BRH:4
end_of_record
TN:
SF:src\middleware\errorHandler.js
FN:1,errorHandler
FNF:1
FNH:1
FNDA:1,errorHandler
DA:2,1
DA:3,1
DA:9,14
LF:3
LH:3
BRDA:2,0,0,1
BRDA:2,0,1,0
BRDA:4,1,0,1
BRDA:4,1,1,0
BRDA:5,2,0,1
BRDA:5,2,1,0
BRF:6
BRH:3
end_of_record
TN:
SF:src\middleware\rbac.js
FN:1,authorize
FN:2,(anonymous_1)
FNF:2
FNH:2
FNDA:168,authorize
FNDA:40,(anonymous_1)
DA:2,168
DA:3,40
DA:4,0
DA:6,40
DA:7,5
DA:9,35
DA:13,14
LF:7
LH:6
BRDA:3,0,0,0
BRDA:3,0,1,40
BRDA:6,1,0,5
BRDA:6,1,1,35
BRF:4
BRH:3
end_of_record
TN:
SF:src\models\Agency.js
FN:3,(anonymous_0)
FN:5,(anonymous_1)
FNF:2
FNH:2
FNDA:35,(anonymous_0)
FNDA:35,(anonymous_1)
DA:1,35
DA:3,35
DA:6,35
DA:10,35
DA:22,35
LF:5
LH:5
BRF:0
BRH:0
end_of_record
TN:
SF:src\models\Booking.js
FN:3,(anonymous_0)
FN:5,(anonymous_1)
FNF:2
FNH:2
FNDA:35,(anonymous_0)
FNDA:35,(anonymous_1)
DA:1,35
DA:3,35
DA:6,35
DA:7,35
DA:8,35
DA:9,35
DA:13,35
DA:31,35
LF:8
LH:8
BRF:0
BRH:0
end_of_record
TN:
SF:src\models\BookingStatusHistory.js
FN:3,(anonymous_0)
FN:5,(anonymous_1)
FNF:2
FNH:2
FNDA:35,(anonymous_0)
FNDA:35,(anonymous_1)
DA:1,35
DA:3,35
DA:6,35
DA:10,35
DA:21,35
LF:5
LH:5
BRF:0
BRH:0
end_of_record
TN:
SF:src\models\Driver.js
FN:3,(anonymous_0)
FN:5,(anonymous_1)
FNF:2
FNH:2
FNDA:35,(anonymous_0)
FNDA:35,(anonymous_1)
DA:1,35
DA:3,35
DA:6,35
DA:7,35
DA:8,35
DA:9,35
DA:13,35
DA:31,35
LF:8
LH:8
BRF:0
BRH:0
end_of_record
TN:
SF:src\models\Route.js
FN:3,(anonymous_0)
FN:5,(anonymous_1)
FNF:2
FNH:2
FNDA:35,(anonymous_0)
FNDA:35,(anonymous_1)
DA:1,35
DA:3,35
DA:6,35
DA:10,35
DA:25,35
LF:5
LH:5
BRF:0
BRH:0
end_of_record
TN:
SF:src\models\User.js
FN:3,(anonymous_0)
FN:5,(anonymous_1)
FNF:2
FNH:2
FNDA:35,(anonymous_0)
FNDA:35,(anonymous_1)
DA:1,35
DA:3,35
DA:6,35
DA:7,35
DA:11,35
DA:29,35
LF:6
LH:6
BRF:0
BRH:0
end_of_record
TN:
SF:src\models\index.js
FN:20,(anonymous_0)
FNF:1
FNH:1
FNDA:210,(anonymous_0)
DA:1,35
DA:2,35
DA:4,35
DA:11,35
DA:13,35
DA:14,35
DA:15,35
DA:16,35
DA:17,35
DA:18,35
DA:20,35
DA:21,210
DA:22,210
DA:26,35
DA:27,35
DA:29,35
LF:16
LH:16
BRDA:21,0,0,210
BRDA:21,0,1,0
BRF:2
BRH:1
end_of_record
TN:
SF:src\routes\admin.js
FNF:0
FNH:0
DA:1,14
DA:2,14
DA:4,14
DA:6,14
DA:7,14
DA:8,14
DA:9,14
DA:10,14
DA:11,14
DA:12,14
DA:14,14
LF:11
LH:11
BRF:0
BRH:0
end_of_record
TN:
SF:src\routes\agency.js
FNF:0
FNH:0
DA:1,14
DA:2,14
DA:4,14
DA:6,14
DA:7,14
DA:8,14
DA:9,14
DA:11,14
LF:8
LH:8
BRF:0
BRH:0
end_of_record
TN:
SF:src\routes\auth.js
FNF:0
FNH:0
DA:1,14
DA:2,14
DA:4,14
DA:6,14
DA:7,14
DA:9,14
LF:6
LH:6
BRF:0
BRH:0
end_of_record
TN:
SF:src\routes\bookings.js
FNF:0
FNH:0
DA:1,14
DA:2,14
DA:4,14
DA:6,14
DA:7,14
DA:8,14
DA:9,14
DA:10,14
DA:11,14
DA:13,14
LF:10
LH:10
BRF:0
BRH:0
end_of_record
TN:
SF:src\routes\dashboard.js
FNF:0
FNH:0
DA:1,14
DA:2,14
DA:3,14
DA:5,14
DA:7,14
DA:8,14
DA:9,14
DA:11,14
LF:8
LH:8
BRF:0
BRH:0
end_of_record
TN:
SF:src\routes\drivers.js
FNF:0
FNH:0
DA:1,14
DA:2,14
DA:3,14
DA:5,14
DA:7,14
DA:8,14
DA:9,14
DA:10,14
DA:11,14
DA:12,14
DA:13,14
DA:14,14
DA:16,14
LF:13
LH:13
BRF:0
BRH:0
end_of_record
TN:
SF:src\routes\search.js
FNF:0
FNH:0
DA:1,14
DA:2,14
DA:4,14
DA:6,14
DA:8,14
LF:5
LH:5
BRF:0
BRH:0
end_of_record
TN:
SF:src\routes\users.js
FNF:0
FNH:0
DA:1,14
DA:2,14
DA:3,14
DA:5,14
DA:7,14
DA:9,14
DA:10,14
DA:12,14
LF:8
LH:8
BRF:0
BRH:0
end_of_record
TN:
SF:src\services\adminService.js
FN:4,getUsers
FN:9,toggleUserStatus
FN:21,createAgency
FN:26,updateAgency
FN:35,(anonymous_4)
FN:42,deactivateAgency
FN:53,(anonymous_6)
FN:74,getAllBookings
FN:86,adminCancelBooking
FN:107,getDashboardData
FN:115,(anonymous_10)
FN:118,(anonymous_11)
FNF:12
FNH:0
FNDA:0,getUsers
FNDA:0,toggleUserStatus
FNDA:0,createAgency
FNDA:0,updateAgency
FNDA:0,(anonymous_4)
FNDA:0,deactivateAgency
FNDA:0,(anonymous_6)
FNDA:0,getAllBookings
FNDA:0,adminCancelBooking
FNDA:0,getDashboardData
FNDA:0,(anonymous_10)
FNDA:0,(anonymous_11)
DA:1,14
DA:2,14
DA:5,0
DA:6,0
DA:10,0
DA:11,0
DA:12,0
DA:13,0
DA:14,0
DA:16,0
DA:17,0
DA:18,0
DA:22,0
DA:23,0
DA:27,0
DA:28,0
DA:29,0
DA:30,0
DA:31,0
DA:33,0
DA:34,0
DA:35,0
DA:36,0
DA:38,0
DA:39,0
DA:43,0
DA:44,0
DA:45,0
DA:46,0
DA:47,0
DA:49,0
DA:50,0
DA:52,0
DA:53,0
DA:55,0
DA:58,0
DA:59,0
DA:60,0
DA:61,0
DA:62,0
DA:63,0
DA:71,0
DA:75,0
DA:83,0
DA:87,0
DA:88,0
DA:89,0
DA:90,0
DA:91,0
DA:93,0
DA:94,0
DA:95,0
DA:96,0
DA:97,0
DA:98,0
DA:104,0
DA:108,0
DA:109,0
DA:110,0
DA:113,0
DA:114,0
DA:115,0
DA:117,0
DA:118,0
DA:119,0
DA:122,14
LF:66
LH:3
BRDA:11,0,0,0
BRDA:11,0,1,0
BRDA:28,1,0,0
BRDA:28,1,1,0
BRDA:36,2,0,0
BRDA:36,2,1,0
BRDA:44,3,0,0
BRDA:44,3,1,0
BRDA:88,4,0,0
BRDA:88,4,1,0
BRDA:95,5,0,0
BRDA:95,5,1,0
BRF:12
BRH:0
end_of_record
TN:
SF:src\services\agencyService.js
FN:4,addDriver
FN:27,removeDriver
FN:57,getDrivers
FN:73,getBookings
FN:81,(anonymous_4)
FN:92,(anonymous_5)
FNF:6
FNH:0
FNDA:0,addDriver
FNDA:0,removeDriver
FNDA:0,getDrivers
FNDA:0,getBookings
FNDA:0,(anonymous_4)
FNDA:0,(anonymous_5)
DA:1,14
DA:2,14
DA:5,0
DA:6,0
DA:7,0
DA:8,0
DA:9,0
DA:11,0
DA:12,0
DA:13,0
DA:14,0
DA:15,0
DA:17,0
DA:18,0
DA:19,0
DA:20,0
DA:22,0
DA:23,0
DA:24,0
DA:28,0
DA:29,0
DA:30,0
DA:31,0
DA:32,0
DA:34,0
DA:35,0
DA:36,0
DA:37,0
DA:38,0
DA:40,0
DA:43,0
DA:44,0
DA:45,0
DA:46,0
DA:48,0
DA:52,0
DA:53,0
DA:54,0
DA:58,0
DA:59,0
DA:60,0
DA:61,0
DA:62,0
DA:64,0
DA:65,0
DA:70,0
DA:74,0
DA:75,0
DA:76,0
DA:77,0
DA:78,0
DA:80,0
DA:81,0
DA:82,0
DA:83,0
DA:84,0
DA:85,0
DA:87,0
DA:92,0
DA:100,0
DA:103,14
LF:61
LH:3
BRDA:6,0,0,0
BRDA:6,0,1,0
BRDA:12,1,0,0
BRDA:12,1,1,0
BRDA:17,2,0,0
BRDA:17,2,1,0
BRDA:17,3,0,0
BRDA:17,3,1,0
BRDA:29,4,0,0
BRDA:29,4,1,0
BRDA:35,5,0,0
BRDA:35,5,1,0
BRDA:43,6,0,0
BRDA:43,6,1,0
BRDA:57,7,0,0
BRDA:57,8,0,0
BRDA:59,9,0,0
BRDA:59,9,1,0
BRDA:73,10,0,0
BRDA:75,11,0,0
BRDA:75,11,1,0
BRDA:83,12,0,0
BRDA:83,12,1,0
BRDA:84,13,0,0
BRDA:84,13,1,0
BRDA:84,14,0,0
BRDA:84,14,1,0
BRDA:94,15,0,0
BRDA:94,15,1,0
BRDA:95,16,0,0
BRDA:95,16,1,0
BRDA:96,17,0,0
BRDA:96,17,1,0
BRDA:98,18,0,0
BRDA:98,18,1,0
BRF:35
BRH:0
end_of_record
TN:
SF:src\services\authService.js
FN:5,register
FN:26,login
FNF:2
FNH:0
FNDA:0,register
FNDA:0,login
DA:1,14
DA:2,14
DA:3,14
DA:6,0
DA:7,0
DA:8,0
DA:9,0
DA:10,0
DA:13,0
DA:14,0
DA:22,0
DA:23,0
DA:27,0
DA:28,0
DA:29,0
DA:30,0
DA:31,0
DA:34,0
DA:35,0
DA:36,0
DA:37,0
DA:40,0
DA:41,0
DA:42,0
DA:43,0
DA:46,0
DA:47,0
DA:48,0
DA:49,0
DA:50,0
DA:52,0
DA:53,0
DA:54,0
DA:55,0
DA:58,0
DA:59,0
DA:60,0
DA:62,0
DA:63,0
DA:64,0
DA:67,14
LF:41
LH:4
BRDA:7,0,0,0
BRDA:7,0,1,0
BRDA:19,1,0,0
BRDA:19,1,1,0
BRDA:28,2,0,0
BRDA:28,2,1,0
BRDA:34,3,0,0
BRDA:34,3,1,0
BRDA:40,4,0,0
BRDA:40,4,1,0
BRDA:40,5,0,0
BRDA:40,5,1,0
BRDA:47,6,0,0
BRDA:47,6,1,0
BRDA:48,7,0,0
BRDA:48,7,1,0
BRDA:49,8,0,0
BRDA:49,8,1,0
BRF:18
BRH:0
end_of_record
TN:
SF:src\services\bookingService.js
FN:4,getValidTransitions
FN:14,isValidTransition
FN:19,createBooking
FN:78,getUserBookings
FN:96,getBookingById
FN:113,cancelBooking
FN:146,getBookingStatus
FN:156,getStatusHistory
FN:161,(anonymous_8)
FNF:9
FNH:0
FNDA:0,getValidTransitions
FNDA:0,isValidTransition
FNDA:0,createBooking
FNDA:0,getUserBookings
FNDA:0,getBookingById
FNDA:0,cancelBooking
FNDA:0,getBookingStatus
FNDA:0,getStatusHistory
FNDA:0,(anonymous_8)
DA:1,14
DA:2,14
DA:5,0
DA:15,0
DA:16,0
DA:20,0
DA:29,0
DA:30,0
DA:31,0
DA:32,0
DA:35,0
DA:36,0
DA:37,0
DA:38,0
DA:39,0
DA:41,0
DA:42,0
DA:43,0
DA:44,0
DA:46,0
DA:47,0
DA:48,0
DA:49,0
DA:52,0
DA:53,0
DA:54,0
DA:55,0
DA:56,0
DA:59,0
DA:68,0
DA:75,0
DA:79,0
DA:80,0
DA:87,0
DA:97,0
DA:105,0
DA:106,0
DA:107,0
DA:108,0
DA:110,0
DA:114,0
DA:115,0
DA:116,0
DA:117,0
DA:118,0
DA:119,0
DA:121,0
DA:122,0
DA:123,0
DA:124,0
DA:126,0
DA:127,0
DA:128,0
DA:129,0
DA:132,0
DA:133,0
DA:134,0
DA:136,0
DA:143,0
DA:147,0
DA:148,0
DA:149,0
DA:150,0
DA:151,0
DA:153,0
DA:157,0
DA:161,0
DA:168,14
LF:68
LH:3
BRDA:16,0,0,0
BRDA:16,0,1,0
BRDA:29,1,0,0
BRDA:29,1,1,0
BRDA:36,2,0,0
BRDA:36,2,1,0
BRDA:41,3,0,0
BRDA:41,3,1,0
BRDA:46,4,0,0
BRDA:46,4,1,0
BRDA:53,5,0,0
BRDA:53,5,1,0
BRDA:78,6,0,0
BRDA:78,7,0,0
BRDA:105,8,0,0
BRDA:105,8,1,0
BRDA:113,9,0,0
BRDA:114,10,0,0
BRDA:114,10,1,0
BRDA:116,11,0,0
BRDA:116,11,1,0
BRDA:121,12,0,0
BRDA:121,12,1,0
BRDA:126,13,0,0
BRDA:126,13,1,0
BRDA:148,14,0,0
BRDA:148,14,1,0
BRF:27
BRH:0
end_of_record
TN:
SF:src\services\driverService.js
FN:4,createProfile
FN:21,updateProfile
FN:30,(anonymous_2)
FN:37,createRoute
FN:92,setRouteAvailability
FN:104,acceptBooking
FN:146,rejectBooking
FN:184,updateTripStatus
FN:237,setOverallAvailability
FN:249,getDashboardData
FNF:10
FNH:0
FNDA:0,createProfile
FNDA:0,updateProfile
FNDA:0,(anonymous_2)
FNDA:0,createRoute
FNDA:0,setRouteAvailability
FNDA:0,acceptBooking
FNDA:0,rejectBooking
FNDA:0,updateTripStatus
FNDA:0,setOverallAvailability
FNDA:0,getDashboardData
DA:1,14
DA:2,14
DA:5,0
DA:6,0
DA:7,0
DA:8,0
DA:9,0
DA:11,0
DA:12,0
DA:13,0
DA:14,0
DA:15,0
DA:17,0
DA:18,0
DA:22,0
DA:23,0
DA:24,0
DA:25,0
DA:26,0
DA:28,0
DA:29,0
DA:30,0
DA:31,0
DA:33,0
DA:34,0
DA:38,0
DA:39,0
DA:40,0
DA:41,0
DA:42,0
DA:45,0
DA:46,0
DA:47,0
DA:48,0
DA:51,0
DA:52,0
DA:54,0
DA:55,0
DA:56,0
DA:57,0
DA:60,0
DA:61,0
DA:62,0
DA:63,0
DA:66,0
DA:67,0
DA:68,0
DA:69,0
DA:72,0
DA:73,0
DA:74,0
DA:75,0
DA:78,0
DA:89,0
DA:93,0
DA:94,0
DA:95,0
DA:96,0
DA:97,0
DA:99,0
DA:100,0
DA:101,0
DA:105,0
DA:106,0
DA:107,0
DA:108,0
DA:109,0
DA:111,0
DA:112,0
DA:113,0
DA:114,0
DA:115,0
DA:117,0
DA:118,0
DA:119,0
DA:120,0
DA:122,0
DA:123,0
DA:124,0
DA:125,0
DA:127,0
DA:128,0
DA:129,0
DA:130,0
DA:132,0
DA:133,0
DA:134,0
DA:136,0
DA:143,0
DA:147,0
DA:148,0
DA:149,0
DA:150,0
DA:151,0
DA:153,0
DA:154,0
DA:155,0
DA:156,0
DA:157,0
DA:159,0
DA:160,0
DA:161,0
DA:162,0
DA:164,0
DA:165,0
DA:166,0
DA:167,0
DA:169,0
DA:170,0
DA:171,0
DA:172,0
DA:174,0
DA:181,0
DA:185,0
DA:186,0
DA:187,0
DA:188,0
DA:189,0
DA:191,0
DA:192,0
DA:193,0
DA:194,0
DA:195,0
DA:197,0
DA:198,0
DA:199,0
DA:200,0
DA:203,0
DA:208,0
DA:209,0
DA:210,0
DA:211,0
DA:212,0
DA:215,0
DA:216,0
DA:217,0
DA:219,0
DA:220,0
DA:221,0
DA:222,0
DA:223,0
DA:224,0
DA:227,0
DA:234,0
DA:238,0
DA:239,0
DA:240,0
DA:241,0
DA:242,0
DA:244,0
DA:245,0
DA:246,0
DA:250,0
DA:251,0
DA:252,0
DA:253,0
DA:254,0
DA:256,0
DA:259,0
DA:262,0
DA:265,0
DA:268,14
LF:162
LH:3
BRDA:6,0,0,0
BRDA:6,0,1,0
BRDA:12,1,0,0
BRDA:12,1,1,0
BRDA:23,2,0,0
BRDA:23,2,1,0
BRDA:31,3,0,0
BRDA:31,3,1,0
BRDA:39,4,0,0
BRDA:39,4,1,0
BRDA:45,5,0,0
BRDA:45,5,1,0
BRDA:54,6,0,0
BRDA:54,6,1,0
BRDA:60,7,0,0
BRDA:60,7,1,0
BRDA:66,8,0,0
BRDA:66,8,1,0
BRDA:66,9,0,0
BRDA:66,9,1,0
BRDA:72,10,0,0
BRDA:72,10,1,0
BRDA:86,11,0,0
BRDA:86,11,1,0
BRDA:94,12,0,0
BRDA:94,12,1,0
BRDA:106,13,0,0
BRDA:106,13,1,0
BRDA:112,14,0,0
BRDA:112,14,1,0
BRDA:117,15,0,0
BRDA:117,15,1,0
BRDA:122,16,0,0
BRDA:122,16,1,0
BRDA:127,17,0,0
BRDA:127,17,1,0
BRDA:148,18,0,0
BRDA:148,18,1,0
BRDA:154,19,0,0
BRDA:154,19,1,0
BRDA:159,20,0,0
BRDA:159,20,1,0
BRDA:164,21,0,0
BRDA:164,21,1,0
BRDA:171,22,0,0
BRDA:171,22,1,0
BRDA:186,23,0,0
BRDA:186,23,1,0
BRDA:192,24,0,0
BRDA:192,24,1,0
BRDA:197,25,0,0
BRDA:197,25,1,0
BRDA:209,26,0,0
BRDA:209,26,1,0
BRDA:209,27,0,0
BRDA:209,27,1,0
BRDA:219,28,0,0
BRDA:219,28,1,0
BRDA:222,29,0,0
BRDA:222,29,1,0
BRDA:239,30,0,0
BRDA:239,30,1,0
BRDA:251,31,0,0
BRDA:251,31,1,0
BRF:64
BRH:0
end_of_record
TN:
SF:src\services\searchService.js
FN:4,searchRoutes
FN:23,(anonymous_1)
FNF:2
FNH:0
FNDA:0,searchRoutes
FNDA:0,(anonymous_1)
DA:1,14
DA:2,14
DA:5,0
DA:6,0
DA:7,0
DA:9,0
DA:10,0
DA:13,0
DA:23,0
DA:39,0
DA:40,0
DA:43,0
DA:46,14
LF:13
LH:3
BRDA:6,0,0,0
BRDA:6,0,1,0
BRDA:9,1,0,0
BRDA:9,1,1,0
BRDA:39,2,0,0
BRDA:39,2,1,0
BRF:6
BRH:0
end_of_record
TN:
SF:src\services\userService.js
FN:3,getProfile
FN:15,updateProfile
FN:29,(anonymous_2)
FNF:3
FNH:0
FNDA:0,getProfile
FNDA:0,updateProfile
FNDA:0,(anonymous_2)
DA:1,14
DA:4,0
DA:7,0
DA:8,0
DA:9,0
DA:10,0
DA:12,0
DA:16,0
DA:17,0
DA:18,0
DA:19,0
DA:20,0
DA:22,0
DA:23,0
DA:24,0
DA:25,0
DA:27,0
DA:28,0
DA:29,0
DA:30,0
DA:32,0
DA:33,0
DA:34,0
DA:37,14
LF:24
LH:2
BRDA:7,0,0,0
BRDA:7,0,1,0
BRDA:17,1,0,0
BRDA:17,1,1,0
BRDA:22,2,0,0
BRDA:22,2,1,0
BRDA:22,3,0,0
BRDA:22,3,1,0
BRDA:30,4,0,0
BRDA:30,4,1,0
BRF:10
BRH:0
end_of_record
TN:
SF:src\utils\jwt.js
FN:6,generateToken
FN:12,verifyToken
FNF:2
FNH:2
FNDA:3,generateToken
FNDA:63,verifyToken
DA:1,22
DA:3,22
DA:4,22
DA:7,3
DA:13,63
DA:14,63
DA:16,5
DA:17,2
DA:19,3
DA:23,22
LF:10
LH:10
BRDA:3,0,0,22
BRDA:3,0,1,22
BRDA:4,1,0,22
BRDA:4,1,1,22
BRDA:8,2,0,1
BRDA:8,2,1,2
BRDA:8,3,0,3
BRDA:8,3,1,1
BRDA:16,4,0,2
BRDA:16,4,1,3
BRF:10
BRH:10
end_of_record
TN:
SF:src\validations\authValidation.js
FN:1,validateRegister
FN:37,(anonymous_1)
FN:40,validateLogin
FN:51,(anonymous_3)
FNF:4
FNH:4
FNDA:14,validateRegister
FNDA:9,(anonymous_1)
FNDA:10,validateLogin
FNDA:4,(anonymous_3)
DA:2,14
DA:4,14
DA:5,1
DA:8,14
DA:9,2
DA:10,12
DA:11,1
DA:14,14
DA:15,0
DA:17,14
DA:18,1
DA:20,14
DA:21,1
DA:23,14
DA:24,1
DA:26,14
DA:27,1
DA:31,14
DA:32,0
DA:33,14
DA:34,1
DA:37,14
DA:41,10
DA:43,10
DA:44,2
DA:47,10
DA:48,2
DA:51,10
DA:54,15
LF:29
LH:27
BRDA:4,0,0,1
BRDA:4,0,1,13
BRDA:4,1,0,14
BRDA:4,1,1,13
BRDA:8,2,0,2
BRDA:8,2,1,12
BRDA:8,3,0,14
BRDA:8,3,1,12
BRDA:10,4,0,1
BRDA:10,4,1,11
BRDA:14,5,0,0
BRDA:14,5,1,14
BRDA:17,6,0,1
BRDA:17,6,1,13
BRDA:20,7,0,1
BRDA:20,7,1,13
BRDA:23,8,0,1
BRDA:23,8,1,13
BRDA:26,9,0,1
BRDA:26,9,1,13
BRDA:31,10,0,0
BRDA:31,10,1,14
BRDA:31,11,0,14
BRDA:31,11,1,14
BRDA:33,12,0,1
BRDA:33,12,1,13
BRDA:37,13,0,9
BRDA:37,13,1,5
BRDA:43,14,0,2
BRDA:43,14,1,8
BRDA:43,15,0,10
BRDA:43,15,1,8
BRDA:47,16,0,2
BRDA:47,16,1,8
BRDA:51,17,0,3
BRDA:51,17,1,7
BRF:36
BRH:34
end_of_record
TN:
SF:src\validations\bookingValidation.js
FN:1,validateCreateBooking
FN:32,(anonymous_1)
FNF:2
FNH:2
FNDA:8,validateCreateBooking
FNDA:1,(anonymous_1)
DA:2,8
DA:4,8
DA:5,8
DA:7,8
DA:8,0
DA:9,8
DA:10,0
DA:13,8
DA:14,0
DA:16,8
DA:17,8
DA:18,8
DA:19,8
DA:20,0
DA:21,8
DA:22,1
DA:24,7
DA:25,7
DA:26,7
DA:27,0
DA:32,8
DA:35,14
LF:22
LH:17
BRDA:4,0,0,0
BRDA:4,0,1,8
BRDA:5,1,0,0
BRDA:5,1,1,8
BRDA:7,2,0,0
BRDA:7,2,1,8
BRDA:7,3,0,8
BRDA:7,3,1,8
BRDA:9,4,0,0
BRDA:9,4,1,8
BRDA:9,5,0,8
BRDA:9,5,1,8
BRDA:13,6,0,0
BRDA:13,6,1,8
BRDA:19,7,0,0
BRDA:19,7,1,8
BRDA:21,8,0,1
BRDA:21,8,1,7
BRDA:26,9,0,0
BRDA:26,9,1,7
BRDA:32,10,0,1
BRDA:32,10,1,7
BRF:22
BRH:15
end_of_record
